<?xml version="1.0" encoding="UTF-8"?>
<testsuite xmlns:xsi="http://www.w3.org/2001/XMLSchema-instance" xsi:noNamespaceSchemaLocation="https://maven.apache.org/surefire/maven-surefire-plugin/xsd/surefire-test-report-3.0.xsd" version="3.0" name="TestSuite" time="84.162" tests="1" errors="0" skipped="0" failures="0">
  <properties>
[...]
</properties>
  <testcase name="testTeamStats[49ers, San Francisco 49ers](1)" classname="theScore.Stats" time="56.509">
    <system-out><![CDATA[&amp#27;[35m[Appium]&amp#27;[39m Welcome to Appium v2.5.4
&amp#27;[35m[Appium]&amp#27;[39m The autodetected Appium home path: /Users/minsung
&amp#27;[35m[Appium]&amp#27;[39m Attempting to load driver uiautomator2...
&amp#27;[35m[Appium]&amp#27;[39m Attempting to load driver xcuitest...
&amp#27;[35m[Appium]&amp#27;[39m Requiring driver at /Users/minsung/node_modules/appium-uiautomator2-driver/build/index.js
&amp#27;[35m[Appium]&amp#27;[39m Requiring driver at /Users/minsung/node_modules/appium-xcuitest-driver/build/index.js
&amp#27;[35m[Appium]&amp#27;[39m AndroidUiautomator2Driver has been successfully loaded in 2.243s
&amp#27;[35m[Appium]&amp#27;[39m XCUITestDriver has been successfully loaded in 2.243s
&amp#27;[35m[Appium]&amp#27;[39m Appium REST http interface listener started on http://0.0.0.0:4723
&amp#27;[35m[Appium]&amp#27;[39m You can provide the following URLs in your client code to connect to this server:
&amp#27;[35m[Appium]&amp#27;[39m 	http://127.0.0.1:4723/ (only accessible from the same host)
&amp#27;[35m[Appium]&amp#27;[39m 	http://192.168.50.171:4723/
&amp#27;[35m[Appium]&amp#27;[39m Available drivers:
&amp#27;[35m[Appium]&amp#27;[39m   - uiautomator2@3.1.0 (automationName 'UiAutomator2')
&amp#27;[35m[Appium]&amp#27;[39m   - xcuitest@7.15.1 (automationName 'XCUITest')
&amp#27;[35m[Appium]&amp#27;[39m No plugins have been installed. Use the "appium plugin" command to install the one(s) you want to use.
&amp#27;[38;5;0m[HTTP]&amp#27;[0m &amp#27;[37m-->&amp#27;[39m &amp#27;[37mGET&amp#27;[39m &amp#27;[37m/status&amp#27;[39m
&amp#27;[38;5;0m[HTTP]&amp#27;[0m &amp#27;[90m{}&amp#27;[39m
&amp#27;[38;5;16m[AppiumDriver@ddc6]&amp#27;[0m Calling AppiumDriver.getStatus() with args: []
&amp#27;[38;5;16m[AppiumDriver@ddc6]&amp#27;[0m Responding to client with driver.getStatus() result: {"ready":true,"message":"The server is ready to accept new connections","build":{"version":"2.5.4"}}
&amp#27;[38;5;0m[HTTP]&amp#27;[0m &amp#27;[37m<-- GET /status &amp#27;[39m&amp#27;[32m200&amp#27;[39m &amp#27;[90m5 ms - 110&amp#27;[39m
&amp#27;[38;5;0m[HTTP]&amp#27;[0m &amp#27;[90m&amp#27;[39m
&amp#27;[38;5;0m[HTTP]&amp#27;[0m Request idempotency key: aa2cda94-039f-4446-9523-9693ff7c5c62
&amp#27;[38;5;0m[HTTP]&amp#27;[0m &amp#27;[37m-->&amp#27;[39m &amp#27;[37mPOST&amp#27;[39m &amp#27;[37m/session&amp#27;[39m
&amp#27;[38;5;0m[HTTP]&amp#27;[0m &amp#27;[90m{"capabilities":{"firstMatch":[{}],"alwaysMatch":{"appium:deviceName":"MinTestDevice","appium:automationName":"UIAutomator2","platformName":"ANDROID","appium:app":"//Users/minsung//eclipse-workspace//AppiumFramework//src//test//java//resources//theScore_24.8.0.apk","appium:fullReset":true}}}&amp#27;[39m
&amp#27;[38;5;16m[AppiumDriver@ddc6]&amp#27;[0m Calling AppiumDriver.createSession() with args: [null,null,{"firstMatch":[{}],"alwaysMatch":{"appium:deviceName":"MinTestDevice","appium:automationName":"UIAutomator2","platformName":"ANDROID","appium:app":"//Users/minsung//eclipse-workspace//AppiumFramework//src//test//java//resources//theScore_24.8.0.apk","appium:fullReset":true}}]
&amp#27;[38;5;16m[AppiumDriver@ddc6]&amp#27;[0m Event 'newSessionRequested' logged at 1715021871359 (11:57:51 GMT-0700 (Pacific Daylight Time))
&amp#27;[35m[Appium]&amp#27;[39m Attempting to find matching driver for automationName 'UIAutomator2' and platformName 'ANDROID'
&amp#27;[35m[Appium]&amp#27;[39m The 'uiautomator2' driver was installed and matched caps.
&amp#27;[35m[Appium]&amp#27;[39m Will require it at /Users/minsung/node_modules/appium-uiautomator2-driver
&amp#27;[35m[Appium]&amp#27;[39m Requiring driver at /Users/minsung/node_modules/appium-uiautomator2-driver/build/index.js
&amp#27;[38;5;16m[AppiumDriver@ddc6]&amp#27;[0m Appium v2.5.4 creating new AndroidUiautomator2Driver (v3.1.0) session
&amp#27;[38;5;16m[AppiumDriver@ddc6]&amp#27;[0m Checking BaseDriver versions for Appium and AndroidUiautomator2Driver
&amp#27;[38;5;16m[AppiumDriver@ddc6]&amp#27;[0m Appium's BaseDriver version is 9.6.0
&amp#27;[38;5;16m[AppiumDriver@ddc6]&amp#27;[0m AndroidUiautomator2Driver's BaseDriver version is 9.5.3
&amp#27;[38;5;32m[AndroidUiautomator2Driver@cb04]&amp#27;[0m Creating session with W3C capabilities: {
&amp#27;[38;5;32m[AndroidUiautomator2Driver@cb04]&amp#27;[0m   "alwaysMatch": {
&amp#27;[38;5;32m[AndroidUiautomator2Driver@cb04]&amp#27;[0m     "platformName": "ANDROID",
&amp#27;[38;5;32m[AndroidUiautomator2Driver@cb04]&amp#27;[0m     "appium:deviceName": "MinTestDevice",
&amp#27;[38;5;32m[AndroidUiautomator2Driver@cb04]&amp#27;[0m     "appium:automationName": "UIAutomator2",
&amp#27;[38;5;32m[AndroidUiautomator2Driver@cb04]&amp#27;[0m     "appium:app": "//Users/minsung//eclipse-workspace//AppiumFramework//src//test//java//resources//theScore_24.8.0.apk",
&amp#27;[38;5;32m[AndroidUiautomator2Driver@cb04]&amp#27;[0m     "appium:fullReset": true
&amp#27;[38;5;32m[AndroidUiautomator2Driver@cb04]&amp#27;[0m   },
&amp#27;[38;5;32m[AndroidUiautomator2Driver@cb04]&amp#27;[0m   "firstMatch": [
&amp#27;[38;5;32m[AndroidUiautomator2Driver@cb04]&amp#27;[0m     {}
&amp#27;[38;5;32m[AndroidUiautomator2Driver@cb04]&amp#27;[0m   ]
&amp#27;[38;5;32m[AndroidUiautomator2Driver@cb04]&amp#27;[0m }
&amp#27;[38;5;32m[AndroidUiautomator2Driver@cb04 (a84025fa)]&amp#27;[0m Session created with session id: a84025fa-87fd-4432-a89c-6e57f823ae73
&amp#27;[38;5;48m[ADB]&amp#27;[0m Found 2 'build-tools' folders under '/Users/minsung/Library/Android/sdk' (newest first):
&amp#27;[38;5;48m[ADB]&amp#27;[0m     /Users/minsung/Library/Android/sdk/build-tools/34.0.0
&amp#27;[38;5;48m[ADB]&amp#27;[0m     /Users/minsung/Library/Android/sdk/build-tools/33.0.1
&amp#27;[38;5;48m[ADB]&amp#27;[0m Using 'adb' from '/Users/minsung/Library/Android/sdk/platform-tools/adb'
&amp#27;[38;5;48m[ADB]&amp#27;[0m Running '/Users/minsung/Library/Android/sdk/platform-tools/adb -P 5037 start-server'
&amp#27;[38;5;32m[AndroidUiautomator2Driver@cb04 (a84025fa)]&amp#27;[0m Retrieving device list
&amp#27;[38;5;48m[ADB]&amp#27;[0m Trying to find connected Android devices
&amp#27;[38;5;48m[ADB]&amp#27;[0m Getting connected devices
&amp#27;[38;5;48m[ADB]&amp#27;[0m Connected devices: [{"udid":"emulator-5554","state":"device"}]
&amp#27;[38;5;32m[AndroidUiautomator2Driver@cb04 (a84025fa)]&amp#27;[0m Using device: emulator-5554
&amp#27;[38;5;48m[ADB]&amp#27;[0m Using 'adb' from '/Users/minsung/Library/Android/sdk/platform-tools/adb'
&amp#27;[38;5;48m[ADB]&amp#27;[0m Running '/Users/minsung/Library/Android/sdk/platform-tools/adb -P 5037 start-server'
&amp#27;[38;5;48m[ADB]&amp#27;[0m Setting device id to emulator-5554
&amp#27;[38;5;64m[BaseDriver]&amp#27;[0m Using local app '//Users/minsung//eclipse-workspace//AppiumFramework//src//test//java//resources//theScore_24.8.0.apk'
&amp#27;[38;5;32m[AndroidUiautomator2Driver@cb04 (a84025fa)]&amp#27;[0m Checking whether app is actually present
&amp#27;[38;5;48m[ADB]&amp#27;[0m Running '/Users/minsung/Library/Android/sdk/platform-tools/adb -P 5037 -s emulator-5554 shell getprop ro.build.version.sdk'
&amp#27;[38;5;48m[ADB]&amp#27;[0m Current device property 'ro.build.version.sdk': 34
&amp#27;[38;5;48m[ADB]&amp#27;[0m Getting device platform version
&amp#27;[38;5;48m[ADB]&amp#27;[0m Running '/Users/minsung/Library/Android/sdk/platform-tools/adb -P 5037 -s emulator-5554 shell getprop ro.build.version.release'
&amp#27;[38;5;48m[ADB]&amp#27;[0m Current device property 'ro.build.version.release': 14
&amp#27;[38;5;48m[ADB]&amp#27;[0m Device API level: 34
&amp#27;[38;5;32m[AndroidUiautomator2Driver@cb04 (a84025fa)]&amp#27;[0m Relaxing hidden api policy
&amp#27;[38;5;48m[ADB]&amp#27;[0m Running '/Users/minsung/Library/Android/sdk/platform-tools/adb -P 5037 -s emulator-5554 shell 'settings put global hidden_api_policy_pre_p_apps 1;settings put global hidden_api_policy_p_apps 1;settings put global hidden_api_policy 1''
&amp#27;[38;5;32m[AndroidUiautomator2Driver@cb04 (a84025fa)]&amp#27;[0m Parsing package and activity from app manifest
&amp#27;[38;5;48m[ADB]&amp#27;[0m Running '/Users/minsung/Library/Android/sdk/platform-tools/adb -P 5037 -s emulator-5554 wait-for-device'
&amp#27;[38;5;48m[ADB]&amp#27;[0m Package name: 'com.fivemobile.thescore'
&amp#27;[38;5;48m[ADB]&amp#27;[0m Main activity name: 'com.fivemobile.thescore.ui.MainActivity'
&amp#27;[38;5;32m[AndroidUiautomator2Driver@cb04 (a84025fa)]&amp#27;[0m Parsed package and activity are: com.fivemobile.thescore/com.fivemobile.thescore.ui.MainActivity
&amp#27;[38;5;48m[ADB]&amp#27;[0m Running '/Users/minsung/Library/Android/sdk/platform-tools/adb -P 5037 -s emulator-5554 shell echo ping'
&amp#27;[38;5;32m[AndroidUiautomator2Driver@cb04 (a84025fa)]&amp#27;[0m Pushing settings apk to the device...
&amp#27;[38;5;48m[ADB]&amp#27;[0m Getting package info for 'io.appium.settings'
&amp#27;[38;5;48m[ADB]&amp#27;[0m Running '/Users/minsung/Library/Android/sdk/platform-tools/adb -P 5037 -s emulator-5554 shell dumpsys package io.appium.settings'
&amp#27;[38;5;48m[ADB]&amp#27;[0m The version name of the installed 'io.appium.settings' is greater or equal to the application version name ('5.7.9' >= '5.7.9')
&amp#27;[38;5;48m[ADB]&amp#27;[0m There is no need to install/upgrade '/Users/minsung/node_modules/appium-uiautomator2-driver/node_modules/io.appium.settings/apks/settings_apk-debug.apk'
&amp#27;[38;5;48m[ADB]&amp#27;[0m Running '/Users/minsung/Library/Android/sdk/platform-tools/adb -P 5037 -s emulator-5554 shell dumpsys activity services io.appium.settings'
&amp#27;[38;5;32m[AndroidUiautomator2Driver@cb04 (a84025fa)]&amp#27;[0m io.appium.settings is already running. There is no need to reset its permissions.
&amp#27;[38;5;80m[Logcat]&amp#27;[0m Starting logs capture with command: /Users/minsung/Library/Android/sdk/platform-tools/adb -P 5037 -s emulator-5554 logcat -v threadtime
&amp#27;[38;5;32m[AndroidUiautomator2Driver@cb04 (a84025fa)]&amp#27;[0m Forwarding UiAutomator2 Server port 6790 to local port 8209
&amp#27;[38;5;48m[ADB]&amp#27;[0m Forwarding system: 8209 to device: 6790
&amp#27;[38;5;48m[ADB]&amp#27;[0m Running '/Users/minsung/Library/Android/sdk/platform-tools/adb -P 5037 -s emulator-5554 forward tcp:8209 tcp:6790'
&amp#27;[38;5;48m[ADB]&amp#27;[0m Getting package info for 'io.appium.uiautomator2.server'
&amp#27;[38;5;48m[ADB]&amp#27;[0m Running '/Users/minsung/Library/Android/sdk/platform-tools/adb -P 5037 -s emulator-5554 shell dumpsys package io.appium.uiautomator2.server'
&amp#27;[38;5;48m[ADB]&amp#27;[0m Getting install status for io.appium.uiautomator2.server.test
&amp#27;[38;5;48m[ADB]&amp#27;[0m Checking app cert for //Users/minsung//eclipse-workspace//AppiumFramework//src//test//java//resources//theScore_24.8.0.apk
&amp#27;[38;5;48m[ADB]&amp#27;[0m Running '/Users/minsung/Library/Android/sdk/platform-tools/adb -P 5037 -s emulator-5554 shell cmd package list packages'
&amp#27;[38;5;48m[ADB]&amp#27;[0m Using 'apksigner.jar' from '/Users/minsung/Library/Android/sdk/build-tools/34.0.0/lib/apksigner.jar'
&amp#27;[38;5;48m[ADB]&amp#27;[0m Starting apksigner: /Library/Java/JavaVirtualMachines/jdk-11.jdk/Contents/Home/bin/java -Xmx1024M -Xss1m -jar /Users/minsung/Library/Android/sdk/build-tools/34.0.0/lib/apksigner.jar verify --print-certs //Users/minsung//eclipse-workspace//AppiumFramework//src//test//java//resources//theScore_24.8.0.apk
&amp#27;[38;5;48m[ADB]&amp#27;[0m 'io.appium.uiautomator2.server.test' is installed
&amp#27;[38;5;48m[ADB]&amp#27;[0m The version name of the installed 'io.appium.uiautomator2.server' is greater or equal to the application version name ('7.0.5' >= '7.0.5')
&amp#27;[38;5;32m[AndroidUiautomator2Driver@cb04 (a84025fa)]&amp#27;[0m Server packages status: [{"installState":"sameVersionInstalled","appPath":"/Users/minsung/node_modules/appium-uiautomator2-driver/node_modules/appium-uiautomator2-server/apks/appium-uiautomator2-server-v7.0.5.apk","appId":"io.appium.uiautomator2.server"},{"installState":"sameVersionInstalled","appPath":"/Users/minsung/node_modules/appium-uiautomator2-driver/node_modules/appium-uiautomator2-server/apks/appium-uiautomator2-server-debug-androidTest.apk","appId":"io.appium.uiautomator2.server.test"}]
&amp#27;[38;5;32m[AndroidUiautomator2Driver@cb04 (a84025fa)]&amp#27;[0m Server packages are not going to be (re)installed
&amp#27;[38;5;32m[AndroidUiautomator2Driver@cb04 (a84025fa)]&amp#27;[0m Waiting up to 30000ms for services to be available
&amp#27;[38;5;48m[ADB]&amp#27;[0m Running '/Users/minsung/Library/Android/sdk/platform-tools/adb -P 5037 -s emulator-5554 shell pm list instrumentation'
&amp#27;[38;5;32m[AndroidUiautomator2Driver@cb04 (a84025fa)]&amp#27;[0m Instrumentation target 'io.appium.uiautomator2.server.test/androidx.test.runner.AndroidJUnitRunner' is available
&amp#27;[38;5;48m[ADB]&amp#27;[0m Adding packages ["io.appium.settings","io.appium.uiautomator2.server","io.appium.uiautomator2.server.test"] to Doze whitelist
&amp#27;[38;5;48m[ADB]&amp#27;[0m Got the following command chunks to execute: [["dumpsys","deviceidle","whitelist","+io.appium.settings",";","dumpsys","deviceidle","whitelist","+io.appium.uiautomator2.server",";","dumpsys","deviceidle","whitelist","+io.appium.uiautomator2.server.test",";"]]
&amp#27;[38;5;48m[ADB]&amp#27;[0m Running '/Users/minsung/Library/Android/sdk/platform-tools/adb -P 5037 -s emulator-5554 shell dumpsys deviceidle whitelist +io.appium.settings ; dumpsys deviceidle whitelist +io.appium.uiautomator2.server ; dumpsys deviceidle whitelist +io.appium.uiautomator2.server.test ;'
&amp#27;[38;5;48m[ADB]&amp#27;[0m apksigner stdout: Signer #1 certificate DN: CN=ScoreMobile, OU=ScoreMobile, O=Score, L=Toronto, ST=Ontario, C=CA
&amp#27;[38;5;48m[ADB]&amp#27;[0m Signer #1 certificate SHA-256 digest: 63a9d0d23a8c11b3828bbb9b208ccc893473385be13c1cd8b6d135c8cc0cb88e
&amp#27;[38;5;48m[ADB]&amp#27;[0m Signer #1 certificate SHA-1 digest: d22331e99824521955c733da11b15daabbb7b2d5
&amp#27;[38;5;48m[ADB]&amp#27;[0m Signer #1 certificate MD5 digest: a5556680c4c0d968c21888f672406656
&amp#27;[38;5;48m[ADB]&amp#27;[0m Source Stamp Signer certificate DN: CN=Android, OU=Android, O=Google Inc., L=Mountain View, ST=California, C=US
&amp#27;[38;5;48m[ADB]&amp#27;[0m Source Stamp Signer certificate SHA-256 digest: 3257d599a49d2c961a471ca9843f59d341a405884583fc087df4237b733bbd6d
&amp#27;[38;5;48m[ADB]&amp#27;[0m Source Stamp Signer certificate SHA-1 digest: b1af3a0bf998aeede1a8716a539e5a59da1d86d6
&amp#27;[38;5;48m[ADB]&amp#27;[0m Source Stamp Signer certificate MD5 digest: 577b8a9fbc7e308321aec6411169d2fb
&amp#27;[38;5;48m[ADB]&amp#27;[0m 
&amp#27;[38;5;48m[ADB]&amp#27;[0m '//Users/minsung//eclipse-workspace//AppiumFramework//src//test//java//resources//theScore_24.8.0.apk' is signed with a non-default certificate
&amp#27;[38;5;48m[ADB]&amp#27;[0m Uninstalling com.fivemobile.thescore
&amp#27;[38;5;48m[ADB]&amp#27;[0m Getting install status for com.fivemobile.thescore
&amp#27;[38;5;48m[ADB]&amp#27;[0m Running '/Users/minsung/Library/Android/sdk/platform-tools/adb -P 5037 -s emulator-5554 shell cmd package list packages'
&amp#27;[38;5;48m[ADB]&amp#27;[0m 'com.fivemobile.thescore' is not installed
&amp#27;[38;5;48m[ADB]&amp#27;[0m com.fivemobile.thescore was not uninstalled, because it was not present on the device
&amp#27;[38;5;48m[ADB]&amp#27;[0m Getting install status for com.fivemobile.thescore
&amp#27;[38;5;48m[ADB]&amp#27;[0m Running '/Users/minsung/Library/Android/sdk/platform-tools/adb -P 5037 -s emulator-5554 shell cmd package list packages'
&amp#27;[38;5;48m[ADB]&amp#27;[0m 'com.fivemobile.thescore' is not installed
&amp#27;[38;5;32m[AndroidUiautomator2Driver@cb04 (a84025fa)]&amp#27;[0m Running full reset on 'com.fivemobile.thescore' (reinstall)
&amp#27;[38;5;48m[ADB]&amp#27;[0m Running '/Users/minsung/Library/Android/sdk/platform-tools/adb -P 5037 -s emulator-5554 help'
&amp#27;[38;5;48m[ADB]&amp#27;[0m Running '/Users/minsung/Library/Android/sdk/platform-tools/adb -P 5037 -s emulator-5554 features'
&amp#27;[38;5;48m[ADB]&amp#27;[0m The application at '//Users/minsung//eclipse-workspace//AppiumFramework//src//test//java//resources//theScore_24.8.0.apk' will not be cached, because the device under test has confirmed the support of streamed installs
&amp#27;[38;5;48m[ADB]&amp#27;[0m Running '/Users/minsung/Library/Android/sdk/platform-tools/adb -P 5037 -s emulator-5554 install -r //Users/minsung//eclipse-workspace//AppiumFramework//src//test//java//resources//theScore_24.8.0.apk'
&amp#27;[38;5;48m[ADB]&amp#27;[0m The installation of 'theScore_24.8.0.apk' took 7593ms
&amp#27;[38;5;48m[ADB]&amp#27;[0m Install command stdout: Performing Streamed Install
&amp#27;[38;5;48m[ADB]&amp#27;[0m Success
&amp#27;[38;5;32m[AndroidUiautomator2Driver@cb04 (a84025fa)]&amp#27;[0m Performing shallow cleanup of automation leftovers
&amp#27;[38;5;32m[AndroidUiautomator2Driver@cb04 (a84025fa)]&amp#27;[0m No obsolete sessions have been detected (socket hang up)
&amp#27;[38;5;48m[ADB]&amp#27;[0m Running '/Users/minsung/Library/Android/sdk/platform-tools/adb -P 5037 -s emulator-5554 shell am force-stop io.appium.uiautomator2.server.test'
&amp#27;[38;5;32m[AndroidUiautomator2Driver@cb04 (a84025fa)]&amp#27;[0m Starting UIAutomator2 server 7.0.5
&amp#27;[38;5;32m[AndroidUiautomator2Driver@cb04 (a84025fa)]&amp#27;[0m Using UIAutomator2 server from '/Users/minsung/node_modules/appium-uiautomator2-driver/node_modules/appium-uiautomator2-server/apks/appium-uiautomator2-server-v7.0.5.apk' and test from '/Users/minsung/node_modules/appium-uiautomator2-driver/node_modules/appium-uiautomator2-server/apks/appium-uiautomator2-server-debug-androidTest.apk'
&amp#27;[38;5;32m[AndroidUiautomator2Driver@cb04 (a84025fa)]&amp#27;[0m Waiting up to 30000ms for UiAutomator2 to be online...
&amp#27;[38;5;48m[ADB]&amp#27;[0m Creating ADB subprocess with args: ["-P","5037","-s","emulator-5554","shell","am","instrument","-w","-e","disableAnalytics","true","io.appium.uiautomator2.server.test/androidx.test.runner.AndroidJUnitRunner"]
&amp#27;[38;5;32m[AndroidUiautomator2Driver@cb04 (a84025fa)]&amp#27;[0m Matched '/status' to command name 'getStatus'
&amp#27;[38;5;32m[AndroidUiautomator2Driver@cb04 (a84025fa)]&amp#27;[0m Proxying [GET /status] to [GET http://127.0.0.1:8209/status] with no body
&amp#27;[38;5;32m[AndroidUiautomator2Driver@cb04 (a84025fa)]&amp#27;[0m socket hang up
&amp#27;[38;5;32m[AndroidUiautomator2Driver@cb04 (a84025fa)]&amp#27;[0m Matched '/status' to command name 'getStatus'
&amp#27;[38;5;32m[AndroidUiautomator2Driver@cb04 (a84025fa)]&amp#27;[0m Proxying [GET /status] to [GET http://127.0.0.1:8209/status] with no body
&amp#27;[38;5;32m[AndroidUiautomator2Driver@cb04 (a84025fa)]&amp#27;[0m socket hang up
&amp#27;[38;5;32m[AndroidUiautomator2Driver@cb04 (a84025fa)]&amp#27;[0m Matched '/status' to command name 'getStatus'
&amp#27;[38;5;32m[AndroidUiautomator2Driver@cb04 (a84025fa)]&amp#27;[0m Proxying [GET /status] to [GET http://127.0.0.1:8209/status] with no body
&amp#27;[38;5;32m[AndroidUiautomator2Driver@cb04 (a84025fa)]&amp#27;[0m socket hang up
&amp#27;[38;5;32m[AndroidUiautomator2Driver@cb04 (a84025fa)]&amp#27;[0m Matched '/status' to command name 'getStatus'
&amp#27;[38;5;32m[AndroidUiautomator2Driver@cb04 (a84025fa)]&amp#27;[0m Proxying [GET /status] to [GET http://127.0.0.1:8209/status] with no body
&amp#27;[38;5;32m[AndroidUiautomator2Driver@cb04 (a84025fa)]&amp#27;[0m socket hang up
&amp#27;[38;5;96m[Instrumentation]&amp#27;[0m io.appium.uiautomator2.server.test.AppiumUiAutomator2Server:
&amp#27;[38;5;32m[AndroidUiautomator2Driver@cb04 (a84025fa)]&amp#27;[0m Matched '/status' to command name 'getStatus'
&amp#27;[38;5;32m[AndroidUiautomator2Driver@cb04 (a84025fa)]&amp#27;[0m Proxying [GET /status] to [GET http://127.0.0.1:8209/status] with no body
&amp#27;[38;5;32m[AndroidUiautomator2Driver@cb04 (a84025fa)]&amp#27;[0m socket hang up
&amp#27;[38;5;32m[AndroidUiautomator2Driver@cb04 (a84025fa)]&amp#27;[0m Matched '/status' to command name 'getStatus'
&amp#27;[38;5;32m[AndroidUiautomator2Driver@cb04 (a84025fa)]&amp#27;[0m Proxying [GET /status] to [GET http://127.0.0.1:8209/status] with no body
&amp#27;[38;5;32m[AndroidUiautomator2Driver@cb04 (a84025fa)]&amp#27;[0m Got response with status 200: {"sessionId":"None","value":{"message":"UiAutomator2 Server is ready to accept commands","ready":true}}
&amp#27;[38;5;32m[AndroidUiautomator2Driver@cb04 (a84025fa)]&amp#27;[0m The initialization of the instrumentation process took 5089ms
&amp#27;[38;5;32m[AndroidUiautomator2Driver@cb04 (a84025fa)]&amp#27;[0m Matched '/session' to command name 'createSession'
&amp#27;[38;5;32m[AndroidUiautomator2Driver@cb04 (a84025fa)]&amp#27;[0m Proxying [POST /session] to [POST http://127.0.0.1:8209/session] with body: {"capabilities":{"firstMatch":[{"platformName":"ANDROID","deviceName":"emulator-5554","automationName":"UIAutomator2","app":"//Users/minsung//eclipse-workspace//AppiumFramework//src//test//java//resources//theScore_24.8.0.apk","fullReset":true,"platform":"LINUX","webStorageEnabled":false,"takesScreenshot":true,"javascriptEnabled":true,"databaseEnabled":false,"networkConnectionEnabled":true,"locationContextEnabled":false,"warnings":{},"desired":{"platformName":"ANDROID","deviceName":"MinTestDevice","automationName":"UIAutomator2","app":"//Users/minsung//eclipse-workspace//AppiumFramework//src//test//java//resources//theScore_24.8.0.apk","fullReset":true},"deviceUDID":"emulator-5554","appPackage":"com.fivemobile.thescore"}],"alwaysMatch":{}}}
&amp#27;[38;5;32m[AndroidUiautomator2Driver@cb04 (a84025fa)]&amp#27;[0m Got response with status 200: {"sessionId":"e13e9c10-6759-487b-84e8-6054836a870e","value":{"capabilities":{"firstMatch":[{"platformName":"ANDROID","deviceName":"emulator-5554","automationName":"UIAutomator2","app":"//Users/minsung//eclipse-workspace//AppiumFramework//src//test//java//resources//theScore_24.8.0.apk","fullReset":true,"platform":"LINUX","webStorageEnabled":false,"takesScreenshot":true,"javascriptEnabled":true,"databaseEnabled":false,"networkConnectionEnabled":true,"locationContextEnabled":false,"warnings":{},"desired":{"platformName":"ANDROID","deviceName":"MinTestDevice","automationName":"UIAutomator2","app":"//Users/minsung//eclipse-workspace//AppiumFramework//src//test//java//resources//theScore_24.8.0.apk","fullReset":true},"deviceUDID":"emulator-5554","appPackage":"com.fivemobile.thescore"}],"alwaysMatch":{}},"sessionId":"e13e9c10-6759-487b-84e8-6054836a870e"}}
&amp#27;[38;5;32m[AndroidUiautomator2Driver@cb04 (a84025fa)]&amp#27;[0m Determined the downstream protocol as 'W3C'
&amp#27;[38;5;32m[AndroidUiautomator2Driver@cb04 (a84025fa)]&amp#27;[0m Proxying [GET /appium/device/pixel_ratio] to [GET http://127.0.0.1:8209/session/e13e9c10-6759-487b-84e8-6054836a870e/appium/device/pixel_ratio] with no body
&amp#27;[38;5;32m[AndroidUiautomator2Driver@cb04 (a84025fa)]&amp#27;[0m Matched '/appium/device/system_bars' to command name 'getSystemBars'
&amp#27;[38;5;32m[AndroidUiautomator2Driver@cb04 (a84025fa)]&amp#27;[0m Proxying [GET /appium/device/system_bars] to [GET http://127.0.0.1:8209/session/e13e9c10-6759-487b-84e8-6054836a870e/appium/device/system_bars] with no body
&amp#27;[38;5;32m[AndroidUiautomator2Driver@cb04 (a84025fa)]&amp#27;[0m Matched '/window/current/size' to command name 'getWindowSize'
&amp#27;[38;5;32m[AndroidUiautomator2Driver@cb04 (a84025fa)]&amp#27;[0m Proxying [GET /window/current/size] to [GET http://127.0.0.1:8209/session/e13e9c10-6759-487b-84e8-6054836a870e/window/current/size] with no body
&amp#27;[38;5;32m[AndroidUiautomator2Driver@cb04 (a84025fa)]&amp#27;[0m Proxying [GET /appium/device/info] to [GET http://127.0.0.1:8209/session/e13e9c10-6759-487b-84e8-6054836a870e/appium/device/info] with no body
&amp#27;[38;5;48m[ADB]&amp#27;[0m Running '/Users/minsung/Library/Android/sdk/platform-tools/adb -P 5037 -s emulator-5554 shell dumpsys window'
&amp#27;[38;5;32m[AndroidUiautomator2Driver@cb04 (a84025fa)]&amp#27;[0m Got response with status 200: {"sessionId":"e13e9c10-6759-487b-84e8-6054836a870e","value":3.5}
&amp#27;[38;5;32m[AndroidUiautomator2Driver@cb04 (a84025fa)]&amp#27;[0m Got response with status 200: {"sessionId":"e13e9c10-6759-487b-84e8-6054836a870e","value":{"statusBar":84}}
&amp#27;[38;5;32m[AndroidUiautomator2Driver@cb04 (a84025fa)]&amp#27;[0m Got response with status 200: {"sessionId":"e13e9c10-6759-487b-84e8-6054836a870e","value":{"height":3120,"width":1440}}
&amp#27;[38;5;32m[AndroidUiautomator2Driver@cb04 (a84025fa)]&amp#27;[0m Got response with status 200: {"sessionId":"e13e9c10-6759-487b-84e8-6054836a870e","value":{"androidId":"cf3cd289be43b2d3","apiVersion":"34","bluetooth":{"state":"ON"},"brand":"google","carrierName":"T-Mobile","displayDensity":560,"locale":"en_US","manufacturer":"Google","model":"sdk_gphone64_x86_64","networks":[{"capabilities":{"SSID":null,"linkDownBandwidthKbps":4300,"linkUpstreamBandwidthKbps":1800,"networkCapabilities":"NET_CAPABILITY_MMS,NET_CAPABILITY_SUPL,NET_CAPABILITY_DUN,NET_CAPABILITY_FOTA,NET_CAPABILITY_IMS,NET_CAPABILITY_CBS,NET_CAPABILITY_INTERNET,NET_CAPABILITY_NOT_RESTRICTED,NET_CAPABILITY_TRUSTED,NET_CAPABILITY_NOT_VPN,NET_CAPABILITY_VALIDATED,NET_CAPABILITY_NOT_ROAMING,NET_CAPABILITY_NOT_CONGESTED,NET_CAPABILITY_NOT_SUSPENDED","signalStrength":-2147483648,"transportTypes":"TRANSPORT_CELLULAR"},"detailedState":"CONNECTED","extraInfo":"epc.tmobile.com","isAvailable":true,"isConnected":true,"isFailover":false,"isRoaming":false,"state":"CONNECTED","subtype":10,"subtypeName":"HSPA","type":0,"typeName":"MOBILE"},{"capabiliti...
&amp#27;[38;5;32m[AndroidUiautomator2Driver@cb04 (a84025fa)]&amp#27;[0m Screen already unlocked, doing nothing
&amp#27;[38;5;32m[AndroidUiautomator2Driver@cb04 (a84025fa)]&amp#27;[0m Starting 'com.fivemobile.thescore/com.fivemobile.thescore.ui.MainActivity and waiting for 'com.fivemobile.thescore/com.fivemobile.thescore.ui.MainActivity'
&amp#27;[38;5;48m[ADB]&amp#27;[0m Running '/Users/minsung/Library/Android/sdk/platform-tools/adb -P 5037 -s emulator-5554 shell am start -W -n com.fivemobile.thescore/com.fivemobile.thescore.ui.MainActivity -S -a android.intent.action.MAIN -c android.intent.category.LAUNCHER -f 0x10200000'
&amp#27;[38;5;48m[ADB]&amp#27;[0m Waiting up to 20000ms for activity matching pkg: 'com.fivemobile.thescore' and activity: 'com.fivemobile.thescore.ui.MainActivity' to be focused
&amp#27;[38;5;48m[ADB]&amp#27;[0m Possible activities, to be checked: 'com.fivemobile.thescore.ui.MainActivity', 'com.fivemobile.thescore.com.fivemobile.thescore.ui.MainActivity'
&amp#27;[38;5;48m[ADB]&amp#27;[0m Getting focused package and activity
&amp#27;[38;5;48m[ADB]&amp#27;[0m Running '/Users/minsung/Library/Android/sdk/platform-tools/adb -P 5037 -s emulator-5554 shell dumpsys window displays'
&amp#27;[38;5;48m[ADB]&amp#27;[0m Found package: 'com.fivemobile.thescore' and fully qualified activity name : 'com.fivemobile.thescore.ui.MainActivity'
&amp#27;[38;5;16m[AppiumDriver@ddc6]&amp#27;[0m New AndroidUiautomator2Driver session created successfully, session a84025fa-87fd-4432-a89c-6e57f823ae73 added to master session list
&amp#27;[38;5;16m[AppiumDriver@ddc6]&amp#27;[0m Event 'newSessionStarted' logged at 1715021890002 (11:58:10 GMT-0700 (Pacific Daylight Time))
&amp#27;[38;5;32m[AndroidUiautomator2Driver@cb04 (a84025fa)]&amp#27;[0m Cached the protocol value 'W3C' for the new session a84025fa-87fd-4432-a89c-6e57f823ae73
&amp#27;[38;5;32m[AndroidUiautomator2Driver@cb04 (a84025fa)]&amp#27;[0m Responding to client with driver.createSession() result: {"capabilities":{"platformName":"ANDROID","deviceName":"emulator-5554","automationName":"UIAutomator2","app":"//Users/minsung//eclipse-workspace//AppiumFramework//src//test//java//resources//theScore_24.8.0.apk","fullReset":true,"platform":"LINUX","webStorageEnabled":false,"takesScreenshot":true,"javascriptEnabled":true,"databaseEnabled":false,"networkConnectionEnabled":true,"locationContextEnabled":false,"warnings":{},"desired":{"platformName":"ANDROID","deviceName":"MinTestDevice","automationName":"UIAutomator2","app":"//Users/minsung//eclipse-workspace//AppiumFramework//src//test//java//resources//theScore_24.8.0.apk","fullReset":true},"deviceUDID":"emulator-5554","appPackage":"com.fivemobile.thescore","pixelRatio":"3.5","statBarHeight":84,"viewportRect":{"left":0,"top":84,"width":1440,"height":3036},"deviceApiLevel":34,"platformVersion":"14","deviceManufacturer":"Google","deviceModel":"sdk_gphone64_x86_64","deviceScreenSize":"1440x3120","deviceScreenDensity":560}}
&amp#27;[38;5;0m[HTTP]&amp#27;[0m &amp#27;[37m<-- POST /session &amp#27;[39m&amp#27;[32m200&amp#27;[39m &amp#27;[90m18644 ms - 1043&amp#27;[39m
&amp#27;[38;5;0m[HTTP]&amp#27;[0m &amp#27;[90m&amp#27;[39m
&amp#27;[38;5;0m[HTTP]&amp#27;[0m &amp#27;[37m-->&amp#27;[39m &amp#27;[37mPOST&amp#27;[39m &amp#27;[37m/session/a84025fa-87fd-4432-a89c-6e57f823ae73/timeouts&amp#27;[39m
&amp#27;[38;5;0m[HTTP]&amp#27;[0m &amp#27;[90m{"implicit":10000}&amp#27;[39m
&amp#27;[38;5;32m[AndroidUiautomator2Driver@cb04 (a84025fa)]&amp#27;[0m Calling AppiumDriver.timeouts() with args: [null,null,null,null,10000,"a84025fa-87fd-4432-a89c-6e57f823ae73"]
&amp#27;[38;5;32m[AndroidUiautomator2Driver@cb04 (a84025fa)]&amp#27;[0m W3C timeout argument: {"implicit":10000}}
&amp#27;[38;5;32m[AndroidUiautomator2Driver@cb04 (a84025fa)]&amp#27;[0m Set implicit wait to 10000ms
&amp#27;[38;5;32m[AndroidUiautomator2Driver@cb04 (a84025fa)]&amp#27;[0m Responding to client with driver.timeouts() result: null
&amp#27;[38;5;0m[HTTP]&amp#27;[0m &amp#27;[37m<-- POST /session/a84025fa-87fd-4432-a89c-6e57f823ae73/timeouts &amp#27;[39m&amp#27;[32m200&amp#27;[39m &amp#27;[90m3 ms - 14&amp#27;[39m
&amp#27;[38;5;0m[HTTP]&amp#27;[0m &amp#27;[90m&amp#27;[39m
&amp#27;[38;5;0m[HTTP]&amp#27;[0m &amp#27;[37m-->&amp#27;[39m &amp#27;[37mGET&amp#27;[39m &amp#27;[37m/session/a84025fa-87fd-4432-a89c-6e57f823ae73/context&amp#27;[39m
&amp#27;[38;5;0m[HTTP]&amp#27;[0m &amp#27;[90m{}&amp#27;[39m
&amp#27;[38;5;32m[AndroidUiautomator2Driver@cb04 (a84025fa)]&amp#27;[0m Calling AppiumDriver.getCurrentContext() with args: ["a84025fa-87fd-4432-a89c-6e57f823ae73"]
&amp#27;[38;5;32m[AndroidUiautomator2Driver@cb04 (a84025fa)]&amp#27;[0m Responding to client with driver.getCurrentContext() result: "NATIVE_APP"
&amp#27;[38;5;0m[HTTP]&amp#27;[0m &amp#27;[37m<-- GET /session/a84025fa-87fd-4432-a89c-6e57f823ae73/context &amp#27;[39m&amp#27;[32m200&amp#27;[39m &amp#27;[90m4 ms - 22&amp#27;[39m
&amp#27;[38;5;0m[HTTP]&amp#27;[0m &amp#27;[90m&amp#27;[39m
&amp#27;[38;5;0m[HTTP]&amp#27;[0m &amp#27;[37m-->&amp#27;[39m &amp#27;[37mPOST&amp#27;[39m &amp#27;[37m/session/a84025fa-87fd-4432-a89c-6e57f823ae73/element&amp#27;[39m
&amp#27;[38;5;0m[HTTP]&amp#27;[0m &amp#27;[90m{"value":"com.fivemobile.thescore:id/btn_primary","using":"id"}&amp#27;[39m
&amp#27;[38;5;32m[AndroidUiautomator2Driver@cb04 (a84025fa)]&amp#27;[0m Calling AppiumDriver.findElement() with args: ["id","com.fivemobile.thescore:id/btn_primary","a84025fa-87fd-4432-a89c-6e57f823ae73"]
&amp#27;[38;5;32m[AndroidUiautomator2Driver@cb04 (a84025fa)]&amp#27;[0m Valid locator strategies for this request: xpath, id, class name, accessibility id, css selector, -android uiautomator
&amp#27;[38;5;32m[AndroidUiautomator2Driver@cb04 (a84025fa)]&amp#27;[0m Waiting up to 10000 ms for condition
&amp#27;[38;5;32m[AndroidUiautomator2Driver@cb04 (a84025fa)]&amp#27;[0m Matched '/element' to command name 'findElement'
&amp#27;[38;5;32m[AndroidUiautomator2Driver@cb04 (a84025fa)]&amp#27;[0m Proxying [POST /element] to [POST http://127.0.0.1:8209/session/e13e9c10-6759-487b-84e8-6054836a870e/element] with body: {"strategy":"id","selector":"com.fivemobile.thescore:id/btn_primary","context":"","multiple":false}
&amp#27;[38;5;32m[AndroidUiautomator2Driver@cb04 (a84025fa)]&amp#27;[0m Got response with status 200: {"sessionId":"e13e9c10-6759-487b-84e8-6054836a870e","value":{"ELEMENT":"00000000-0000-0464-ffff-ffff00000087","element-6066-11e4-a52e-4f735466cecf":"00000000-0000-0464-ffff-ffff00000087"}}
&amp#27;[38;5;32m[AndroidUiautomator2Driver@cb04 (a84025fa)]&amp#27;[0m Responding to client with driver.findElement() result: {"element-6066-11e4-a52e-4f735466cecf":"00000000-0000-0464-ffff-ffff00000087","ELEMENT":"00000000-0000-0464-ffff-ffff00000087"}
&amp#27;[38;5;0m[HTTP]&amp#27;[0m &amp#27;[37m<-- POST /session/a84025fa-87fd-4432-a89c-6e57f823ae73/element &amp#27;[39m&amp#27;[32m200&amp#27;[39m &amp#27;[90m1279 ms - 137&amp#27;[39m
&amp#27;[38;5;0m[HTTP]&amp#27;[0m &amp#27;[90m&amp#27;[39m
&amp#27;[38;5;0m[HTTP]&amp#27;[0m &amp#27;[37m-->&amp#27;[39m &amp#27;[37mPOST&amp#27;[39m &amp#27;[37m/session/a84025fa-87fd-4432-a89c-6e57f823ae73/element/00000000-0000-0464-ffff-ffff00000087/click&amp#27;[39m
&amp#27;[38;5;0m[HTTP]&amp#27;[0m &amp#27;[90m{"id":"00000000-0000-0464-ffff-ffff00000087"}&amp#27;[39m
&amp#27;[38;5;32m[AndroidUiautomator2Driver@cb04 (a84025fa)]&amp#27;[0m Calling AppiumDriver.click() with args: ["00000000-0000-0464-ffff-ffff00000087","a84025fa-87fd-4432-a89c-6e57f823ae73"]
&amp#27;[38;5;32m[AndroidUiautomator2Driver@cb04 (a84025fa)]&amp#27;[0m Matched '/element/00000000-0000-0464-ffff-ffff00000087/click' to command name 'click'
&amp#27;[38;5;32m[AndroidUiautomator2Driver@cb04 (a84025fa)]&amp#27;[0m Proxying [POST /element/00000000-0000-0464-ffff-ffff00000087/click] to [POST http://127.0.0.1:8209/session/e13e9c10-6759-487b-84e8-6054836a870e/element/00000000-0000-0464-ffff-ffff00000087/click] with body: {"element":"00000000-0000-0464-ffff-ffff00000087"}
&amp#27;[38;5;32m[AndroidUiautomator2Driver@cb04 (a84025fa)]&amp#27;[0m Got response with status 200: {"sessionId":"e13e9c10-6759-487b-84e8-6054836a870e","value":null}
&amp#27;[38;5;32m[AndroidUiautomator2Driver@cb04 (a84025fa)]&amp#27;[0m Responding to client with driver.click() result: null
&amp#27;[38;5;0m[HTTP]&amp#27;[0m &amp#27;[37m<-- POST /session/a84025fa-87fd-4432-a89c-6e57f823ae73/element/00000000-0000-0464-ffff-ffff00000087/click &amp#27;[39m&amp#27;[32m200&amp#27;[39m &amp#27;[90m1375 ms - 14&amp#27;[39m
&amp#27;[38;5;0m[HTTP]&amp#27;[0m &amp#27;[90m&amp#27;[39m
&amp#27;[38;5;0m[HTTP]&amp#27;[0m &amp#27;[37m-->&amp#27;[39m &amp#27;[37mGET&amp#27;[39m &amp#27;[37m/session/a84025fa-87fd-4432-a89c-6e57f823ae73/context&amp#27;[39m
&amp#27;[38;5;0m[HTTP]&amp#27;[0m &amp#27;[90m{}&amp#27;[39m
&amp#27;[38;5;32m[AndroidUiautomator2Driver@cb04 (a84025fa)]&amp#27;[0m Calling AppiumDriver.getCurrentContext() with args: ["a84025fa-87fd-4432-a89c-6e57f823ae73"]
&amp#27;[38;5;32m[AndroidUiautomator2Driver@cb04 (a84025fa)]&amp#27;[0m Responding to client with driver.getCurrentContext() result: "NATIVE_APP"
&amp#27;[38;5;0m[HTTP]&amp#27;[0m &amp#27;[37m<-- GET /session/a84025fa-87fd-4432-a89c-6e57f823ae73/context &amp#27;[39m&amp#27;[32m200&amp#27;[39m &amp#27;[90m2 ms - 22&amp#27;[39m
&amp#27;[38;5;0m[HTTP]&amp#27;[0m &amp#27;[90m&amp#27;[39m
&amp#27;[38;5;0m[HTTP]&amp#27;[0m &amp#27;[37m-->&amp#27;[39m &amp#27;[37mPOST&amp#27;[39m &amp#27;[37m/session/a84025fa-87fd-4432-a89c-6e57f823ae73/element&amp#27;[39m
&amp#27;[38;5;0m[HTTP]&amp#27;[0m &amp#27;[90m{"value":"com.fivemobile.thescore:id/accept_button","using":"id"}&amp#27;[39m
&amp#27;[38;5;32m[AndroidUiautomator2Driver@cb04 (a84025fa)]&amp#27;[0m Calling AppiumDriver.findElement() with args: ["id","com.fivemobile.thescore:id/accept_button","a84025fa-87fd-4432-a89c-6e57f823ae73"]
&amp#27;[38;5;32m[AndroidUiautomator2Driver@cb04 (a84025fa)]&amp#27;[0m Valid locator strategies for this request: xpath, id, class name, accessibility id, css selector, -android uiautomator
&amp#27;[38;5;32m[AndroidUiautomator2Driver@cb04 (a84025fa)]&amp#27;[0m Waiting up to 10000 ms for condition
&amp#27;[38;5;32m[AndroidUiautomator2Driver@cb04 (a84025fa)]&amp#27;[0m Matched '/element' to command name 'findElement'
&amp#27;[38;5;32m[AndroidUiautomator2Driver@cb04 (a84025fa)]&amp#27;[0m Proxying [POST /element] to [POST http://127.0.0.1:8209/session/e13e9c10-6759-487b-84e8-6054836a870e/element] with body: {"strategy":"id","selector":"com.fivemobile.thescore:id/accept_button","context":"","multiple":false}
&amp#27;[38;5;32m[AndroidUiautomator2Driver@cb04 (a84025fa)]&amp#27;[0m Got response with status 200: {"sessionId":"e13e9c10-6759-487b-84e8-6054836a870e","value":{"ELEMENT":"00000000-0000-0464-ffff-ffff00000112","element-6066-11e4-a52e-4f735466cecf":"00000000-0000-0464-ffff-ffff00000112"}}
&amp#27;[38;5;32m[AndroidUiautomator2Driver@cb04 (a84025fa)]&amp#27;[0m Responding to client with driver.findElement() result: {"element-6066-11e4-a52e-4f735466cecf":"00000000-0000-0464-ffff-ffff00000112","ELEMENT":"00000000-0000-0464-ffff-ffff00000112"}
&amp#27;[38;5;0m[HTTP]&amp#27;[0m &amp#27;[37m<-- POST /session/a84025fa-87fd-4432-a89c-6e57f823ae73/element &amp#27;[39m&amp#27;[32m200&amp#27;[39m &amp#27;[90m734 ms - 137&amp#27;[39m
&amp#27;[38;5;0m[HTTP]&amp#27;[0m &amp#27;[90m&amp#27;[39m
&amp#27;[38;5;0m[HTTP]&amp#27;[0m &amp#27;[37m-->&amp#27;[39m &amp#27;[37mPOST&amp#27;[39m &amp#27;[37m/session/a84025fa-87fd-4432-a89c-6e57f823ae73/element/00000000-0000-0464-ffff-ffff00000112/click&amp#27;[39m
&amp#27;[38;5;0m[HTTP]&amp#27;[0m &amp#27;[90m{"id":"00000000-0000-0464-ffff-ffff00000112"}&amp#27;[39m
&amp#27;[38;5;32m[AndroidUiautomator2Driver@cb04 (a84025fa)]&amp#27;[0m Calling AppiumDriver.click() with args: ["00000000-0000-0464-ffff-ffff00000112","a84025fa-87fd-4432-a89c-6e57f823ae73"]
&amp#27;[38;5;32m[AndroidUiautomator2Driver@cb04 (a84025fa)]&amp#27;[0m Matched '/element/00000000-0000-0464-ffff-ffff00000112/click' to command name 'click'
&amp#27;[38;5;32m[AndroidUiautomator2Driver@cb04 (a84025fa)]&amp#27;[0m Proxying [POST /element/00000000-0000-0464-ffff-ffff00000112/click] to [POST http://127.0.0.1:8209/session/e13e9c10-6759-487b-84e8-6054836a870e/element/00000000-0000-0464-ffff-ffff00000112/click] with body: {"element":"00000000-0000-0464-ffff-ffff00000112"}
&amp#27;[38;5;32m[AndroidUiautomator2Driver@cb04 (a84025fa)]&amp#27;[0m Got response with status 200: {"sessionId":"e13e9c10-6759-487b-84e8-6054836a870e","value":null}
&amp#27;[38;5;32m[AndroidUiautomator2Driver@cb04 (a84025fa)]&amp#27;[0m Responding to client with driver.click() result: null
&amp#27;[38;5;0m[HTTP]&amp#27;[0m &amp#27;[37m<-- POST /session/a84025fa-87fd-4432-a89c-6e57f823ae73/element/00000000-0000-0464-ffff-ffff00000112/click &amp#27;[39m&amp#27;[32m200&amp#27;[39m &amp#27;[90m1423 ms - 14&amp#27;[39m
&amp#27;[38;5;0m[HTTP]&amp#27;[0m &amp#27;[90m&amp#27;[39m
&amp#27;[38;5;0m[HTTP]&amp#27;[0m &amp#27;[37m-->&amp#27;[39m &amp#27;[37mGET&amp#27;[39m &amp#27;[37m/session/a84025fa-87fd-4432-a89c-6e57f823ae73/context&amp#27;[39m
&amp#27;[38;5;0m[HTTP]&amp#27;[0m &amp#27;[90m{}&amp#27;[39m
&amp#27;[38;5;32m[AndroidUiautomator2Driver@cb04 (a84025fa)]&amp#27;[0m Calling AppiumDriver.getCurrentContext() with args: ["a84025fa-87fd-4432-a89c-6e57f823ae73"]
&amp#27;[38;5;32m[AndroidUiautomator2Driver@cb04 (a84025fa)]&amp#27;[0m Responding to client with driver.getCurrentContext() result: "NATIVE_APP"
&amp#27;[38;5;0m[HTTP]&amp#27;[0m &amp#27;[37m<-- GET /session/a84025fa-87fd-4432-a89c-6e57f823ae73/context &amp#27;[39m&amp#27;[32m200&amp#27;[39m &amp#27;[90m1 ms - 22&amp#27;[39m
&amp#27;[38;5;0m[HTTP]&amp#27;[0m &amp#27;[90m&amp#27;[39m
&amp#27;[38;5;0m[HTTP]&amp#27;[0m &amp#27;[37m-->&amp#27;[39m &amp#27;[37mPOST&amp#27;[39m &amp#27;[37m/session/a84025fa-87fd-4432-a89c-6e57f823ae73/element&amp#27;[39m
&amp#27;[38;5;0m[HTTP]&amp#27;[0m &amp#27;[90m{"value":"com.fivemobile.thescore:id/btn_primary","using":"id"}&amp#27;[39m
&amp#27;[38;5;32m[AndroidUiautomator2Driver@cb04 (a84025fa)]&amp#27;[0m Calling AppiumDriver.findElement() with args: ["id","com.fivemobile.thescore:id/btn_primary","a84025fa-87fd-4432-a89c-6e57f823ae73"]
&amp#27;[38;5;32m[AndroidUiautomator2Driver@cb04 (a84025fa)]&amp#27;[0m Valid locator strategies for this request: xpath, id, class name, accessibility id, css selector, -android uiautomator
&amp#27;[38;5;32m[AndroidUiautomator2Driver@cb04 (a84025fa)]&amp#27;[0m Waiting up to 10000 ms for condition
&amp#27;[38;5;32m[AndroidUiautomator2Driver@cb04 (a84025fa)]&amp#27;[0m Matched '/element' to command name 'findElement'
&amp#27;[38;5;32m[AndroidUiautomator2Driver@cb04 (a84025fa)]&amp#27;[0m Proxying [POST /element] to [POST http://127.0.0.1:8209/session/e13e9c10-6759-487b-84e8-6054836a870e/element] with body: {"strategy":"id","selector":"com.fivemobile.thescore:id/btn_primary","context":"","multiple":false}
&amp#27;[38;5;32m[AndroidUiautomator2Driver@cb04 (a84025fa)]&amp#27;[0m Got response with status 200: {"sessionId":"e13e9c10-6759-487b-84e8-6054836a870e","value":{"ELEMENT":"00000000-0000-0464-ffff-ffff00000155","element-6066-11e4-a52e-4f735466cecf":"00000000-0000-0464-ffff-ffff00000155"}}
&amp#27;[38;5;32m[AndroidUiautomator2Driver@cb04 (a84025fa)]&amp#27;[0m Responding to client with driver.findElement() result: {"element-6066-11e4-a52e-4f735466cecf":"00000000-0000-0464-ffff-ffff00000155","ELEMENT":"00000000-0000-0464-ffff-ffff00000155"}
&amp#27;[38;5;0m[HTTP]&amp#27;[0m &amp#27;[37m<-- POST /session/a84025fa-87fd-4432-a89c-6e57f823ae73/element &amp#27;[39m&amp#27;[32m200&amp#27;[39m &amp#27;[90m37 ms - 137&amp#27;[39m
&amp#27;[38;5;0m[HTTP]&amp#27;[0m &amp#27;[90m&amp#27;[39m
&amp#27;[38;5;0m[HTTP]&amp#27;[0m &amp#27;[37m-->&amp#27;[39m &amp#27;[37mPOST&amp#27;[39m &amp#27;[37m/session/a84025fa-87fd-4432-a89c-6e57f823ae73/element/00000000-0000-0464-ffff-ffff00000155/click&amp#27;[39m
&amp#27;[38;5;0m[HTTP]&amp#27;[0m &amp#27;[90m{"id":"00000000-0000-0464-ffff-ffff00000155"}&amp#27;[39m
&amp#27;[38;5;32m[AndroidUiautomator2Driver@cb04 (a84025fa)]&amp#27;[0m Calling AppiumDriver.click() with args: ["00000000-0000-0464-ffff-ffff00000155","a84025fa-87fd-4432-a89c-6e57f823ae73"]
&amp#27;[38;5;32m[AndroidUiautomator2Driver@cb04 (a84025fa)]&amp#27;[0m Matched '/element/00000000-0000-0464-ffff-ffff00000155/click' to command name 'click'
&amp#27;[38;5;32m[AndroidUiautomator2Driver@cb04 (a84025fa)]&amp#27;[0m Proxying [POST /element/00000000-0000-0464-ffff-ffff00000155/click] to [POST http://127.0.0.1:8209/session/e13e9c10-6759-487b-84e8-6054836a870e/element/00000000-0000-0464-ffff-ffff00000155/click] with body: {"element":"00000000-0000-0464-ffff-ffff00000155"}
&amp#27;[38;5;32m[AndroidUiautomator2Driver@cb04 (a84025fa)]&amp#27;[0m Got response with status 200: {"sessionId":"e13e9c10-6759-487b-84e8-6054836a870e","value":null}
&amp#27;[38;5;32m[AndroidUiautomator2Driver@cb04 (a84025fa)]&amp#27;[0m Responding to client with driver.click() result: null
&amp#27;[38;5;0m[HTTP]&amp#27;[0m &amp#27;[37m<-- POST /session/a84025fa-87fd-4432-a89c-6e57f823ae73/element/00000000-0000-0464-ffff-ffff00000155/click &amp#27;[39m&amp#27;[32m200&amp#27;[39m &amp#27;[90m162 ms - 14&amp#27;[39m
&amp#27;[38;5;0m[HTTP]&amp#27;[0m &amp#27;[90m&amp#27;[39m
&amp#27;[38;5;0m[HTTP]&amp#27;[0m &amp#27;[37m-->&amp#27;[39m &amp#27;[37mGET&amp#27;[39m &amp#27;[37m/session/a84025fa-87fd-4432-a89c-6e57f823ae73/context&amp#27;[39m
&amp#27;[38;5;0m[HTTP]&amp#27;[0m &amp#27;[90m{}&amp#27;[39m
&amp#27;[38;5;32m[AndroidUiautomator2Driver@cb04 (a84025fa)]&amp#27;[0m Calling AppiumDriver.getCurrentContext() with args: ["a84025fa-87fd-4432-a89c-6e57f823ae73"]
&amp#27;[38;5;32m[AndroidUiautomator2Driver@cb04 (a84025fa)]&amp#27;[0m Responding to client with driver.getCurrentContext() result: "NATIVE_APP"
&amp#27;[38;5;0m[HTTP]&amp#27;[0m &amp#27;[37m<-- GET /session/a84025fa-87fd-4432-a89c-6e57f823ae73/context &amp#27;[39m&amp#27;[32m200&amp#27;[39m &amp#27;[90m1 ms - 22&amp#27;[39m
&amp#27;[38;5;0m[HTTP]&amp#27;[0m &amp#27;[90m&amp#27;[39m
&amp#27;[38;5;0m[HTTP]&amp#27;[0m &amp#27;[37m-->&amp#27;[39m &amp#27;[37mPOST&amp#27;[39m &amp#27;[37m/session/a84025fa-87fd-4432-a89c-6e57f823ae73/element&amp#27;[39m
&amp#27;[38;5;0m[HTTP]&amp#27;[0m &amp#27;[90m{"value":"com.fivemobile.thescore:id/action_button_text","using":"id"}&amp#27;[39m
&amp#27;[38;5;32m[AndroidUiautomator2Driver@cb04 (a84025fa)]&amp#27;[0m Calling AppiumDriver.findElement() with args: ["id","com.fivemobile.thescore:id/action_button_text","a84025fa-87fd-4432-a89c-6e57f823ae73"]
&amp#27;[38;5;32m[AndroidUiautomator2Driver@cb04 (a84025fa)]&amp#27;[0m Valid locator strategies for this request: xpath, id, class name, accessibility id, css selector, -android uiautomator
&amp#27;[38;5;32m[AndroidUiautomator2Driver@cb04 (a84025fa)]&amp#27;[0m Waiting up to 10000 ms for condition
&amp#27;[38;5;32m[AndroidUiautomator2Driver@cb04 (a84025fa)]&amp#27;[0m Matched '/element' to command name 'findElement'
&amp#27;[38;5;32m[AndroidUiautomator2Driver@cb04 (a84025fa)]&amp#27;[0m Proxying [POST /element] to [POST http://127.0.0.1:8209/session/e13e9c10-6759-487b-84e8-6054836a870e/element] with body: {"strategy":"id","selector":"com.fivemobile.thescore:id/action_button_text","context":"","multiple":false}
&amp#27;[38;5;32m[AndroidUiautomator2Driver@cb04 (a84025fa)]&amp#27;[0m Got response with status 200: {"sessionId":"e13e9c10-6759-487b-84e8-6054836a870e","value":{"ELEMENT":"00000000-0000-0464-ffff-ffff00000156","element-6066-11e4-a52e-4f735466cecf":"00000000-0000-0464-ffff-ffff00000156"}}
&amp#27;[38;5;32m[AndroidUiautomator2Driver@cb04 (a84025fa)]&amp#27;[0m Responding to client with driver.findElement() result: {"element-6066-11e4-a52e-4f735466cecf":"00000000-0000-0464-ffff-ffff00000156","ELEMENT":"00000000-0000-0464-ffff-ffff00000156"}
&amp#27;[38;5;0m[HTTP]&amp#27;[0m &amp#27;[37m<-- POST /session/a84025fa-87fd-4432-a89c-6e57f823ae73/element &amp#27;[39m&amp#27;[32m200&amp#27;[39m &amp#27;[90m2397 ms - 137&amp#27;[39m
&amp#27;[38;5;0m[HTTP]&amp#27;[0m &amp#27;[90m&amp#27;[39m
&amp#27;[38;5;0m[HTTP]&amp#27;[0m &amp#27;[37m-->&amp#27;[39m &amp#27;[37mPOST&amp#27;[39m &amp#27;[37m/session/a84025fa-87fd-4432-a89c-6e57f823ae73/element/00000000-0000-0464-ffff-ffff00000156/click&amp#27;[39m
&amp#27;[38;5;0m[HTTP]&amp#27;[0m &amp#27;[90m{"id":"00000000-0000-0464-ffff-ffff00000156"}&amp#27;[39m
&amp#27;[38;5;32m[AndroidUiautomator2Driver@cb04 (a84025fa)]&amp#27;[0m Calling AppiumDriver.click() with args: ["00000000-0000-0464-ffff-ffff00000156","a84025fa-87fd-4432-a89c-6e57f823ae73"]
&amp#27;[38;5;32m[AndroidUiautomator2Driver@cb04 (a84025fa)]&amp#27;[0m Matched '/element/00000000-0000-0464-ffff-ffff00000156/click' to command name 'click'
&amp#27;[38;5;32m[AndroidUiautomator2Driver@cb04 (a84025fa)]&amp#27;[0m Proxying [POST /element/00000000-0000-0464-ffff-ffff00000156/click] to [POST http://127.0.0.1:8209/session/e13e9c10-6759-487b-84e8-6054836a870e/element/00000000-0000-0464-ffff-ffff00000156/click] with body: {"element":"00000000-0000-0464-ffff-ffff00000156"}
&amp#27;[38;5;32m[AndroidUiautomator2Driver@cb04 (a84025fa)]&amp#27;[0m Got response with status 200: {"sessionId":"e13e9c10-6759-487b-84e8-6054836a870e","value":null}
&amp#27;[38;5;32m[AndroidUiautomator2Driver@cb04 (a84025fa)]&amp#27;[0m Responding to client with driver.click() result: null
&amp#27;[38;5;0m[HTTP]&amp#27;[0m &amp#27;[37m<-- POST /session/a84025fa-87fd-4432-a89c-6e57f823ae73/element/00000000-0000-0464-ffff-ffff00000156/click &amp#27;[39m&amp#27;[32m200&amp#27;[39m &amp#27;[90m57 ms - 14&amp#27;[39m
&amp#27;[38;5;0m[HTTP]&amp#27;[0m &amp#27;[90m&amp#27;[39m
&amp#27;[38;5;0m[HTTP]&amp#27;[0m &amp#27;[37m-->&amp#27;[39m &amp#27;[37mGET&amp#27;[39m &amp#27;[37m/session/a84025fa-87fd-4432-a89c-6e57f823ae73/context&amp#27;[39m
&amp#27;[38;5;0m[HTTP]&amp#27;[0m &amp#27;[90m{}&amp#27;[39m
&amp#27;[38;5;32m[AndroidUiautomator2Driver@cb04 (a84025fa)]&amp#27;[0m Calling AppiumDriver.getCurrentContext() with args: ["a84025fa-87fd-4432-a89c-6e57f823ae73"]
&amp#27;[38;5;32m[AndroidUiautomator2Driver@cb04 (a84025fa)]&amp#27;[0m Responding to client with driver.getCurrentContext() result: "NATIVE_APP"
&amp#27;[38;5;0m[HTTP]&amp#27;[0m &amp#27;[37m<-- GET /session/a84025fa-87fd-4432-a89c-6e57f823ae73/context &amp#27;[39m&amp#27;[32m200&amp#27;[39m &amp#27;[90m1 ms - 22&amp#27;[39m
&amp#27;[38;5;0m[HTTP]&amp#27;[0m &amp#27;[90m&amp#27;[39m
&amp#27;[38;5;0m[HTTP]&amp#27;[0m &amp#27;[37m-->&amp#27;[39m &amp#27;[37mPOST&amp#27;[39m &amp#27;[37m/session/a84025fa-87fd-4432-a89c-6e57f823ae73/element&amp#27;[39m
&amp#27;[38;5;0m[HTTP]&amp#27;[0m &amp#27;[90m{"value":"com.fivemobile.thescore:id/btn_disallow","using":"id"}&amp#27;[39m
&amp#27;[38;5;32m[AndroidUiautomator2Driver@cb04 (a84025fa)]&amp#27;[0m Calling AppiumDriver.findElement() with args: ["id","com.fivemobile.thescore:id/btn_disallow","a84025fa-87fd-4432-a89c-6e57f823ae73"]
&amp#27;[38;5;32m[AndroidUiautomator2Driver@cb04 (a84025fa)]&amp#27;[0m Valid locator strategies for this request: xpath, id, class name, accessibility id, css selector, -android uiautomator
&amp#27;[38;5;32m[AndroidUiautomator2Driver@cb04 (a84025fa)]&amp#27;[0m Waiting up to 10000 ms for condition
&amp#27;[38;5;32m[AndroidUiautomator2Driver@cb04 (a84025fa)]&amp#27;[0m Matched '/element' to command name 'findElement'
&amp#27;[38;5;32m[AndroidUiautomator2Driver@cb04 (a84025fa)]&amp#27;[0m Proxying [POST /element] to [POST http://127.0.0.1:8209/session/e13e9c10-6759-487b-84e8-6054836a870e/element] with body: {"strategy":"id","selector":"com.fivemobile.thescore:id/btn_disallow","context":"","multiple":false}
&amp#27;[38;5;32m[AndroidUiautomator2Driver@cb04 (a84025fa)]&amp#27;[0m Got response with status 200: {"sessionId":"e13e9c10-6759-487b-84e8-6054836a870e","value":{"ELEMENT":"00000000-0000-0465-ffff-ffff000002d7","element-6066-11e4-a52e-4f735466cecf":"00000000-0000-0465-ffff-ffff000002d7"}}
&amp#27;[38;5;32m[AndroidUiautomator2Driver@cb04 (a84025fa)]&amp#27;[0m Responding to client with driver.findElement() result: {"element-6066-11e4-a52e-4f735466cecf":"00000000-0000-0465-ffff-ffff000002d7","ELEMENT":"00000000-0000-0465-ffff-ffff000002d7"}
&amp#27;[38;5;0m[HTTP]&amp#27;[0m &amp#27;[37m<-- POST /session/a84025fa-87fd-4432-a89c-6e57f823ae73/element &amp#27;[39m&amp#27;[32m200&amp#27;[39m &amp#27;[90m1220 ms - 137&amp#27;[39m
&amp#27;[38;5;0m[HTTP]&amp#27;[0m &amp#27;[90m&amp#27;[39m
&amp#27;[38;5;0m[HTTP]&amp#27;[0m &amp#27;[37m-->&amp#27;[39m &amp#27;[37mPOST&amp#27;[39m &amp#27;[37m/session/a84025fa-87fd-4432-a89c-6e57f823ae73/element/00000000-0000-0465-ffff-ffff000002d7/click&amp#27;[39m
&amp#27;[38;5;0m[HTTP]&amp#27;[0m &amp#27;[90m{"id":"00000000-0000-0465-ffff-ffff000002d7"}&amp#27;[39m
&amp#27;[38;5;32m[AndroidUiautomator2Driver@cb04 (a84025fa)]&amp#27;[0m Calling AppiumDriver.click() with args: ["00000000-0000-0465-ffff-ffff000002d7","a84025fa-87fd-4432-a89c-6e57f823ae73"]
&amp#27;[38;5;32m[AndroidUiautomator2Driver@cb04 (a84025fa)]&amp#27;[0m Matched '/element/00000000-0000-0465-ffff-ffff000002d7/click' to command name 'click'
&amp#27;[38;5;32m[AndroidUiautomator2Driver@cb04 (a84025fa)]&amp#27;[0m Proxying [POST /element/00000000-0000-0465-ffff-ffff000002d7/click] to [POST http://127.0.0.1:8209/session/e13e9c10-6759-487b-84e8-6054836a870e/element/00000000-0000-0465-ffff-ffff000002d7/click] with body: {"element":"00000000-0000-0465-ffff-ffff000002d7"}
&amp#27;[38;5;32m[AndroidUiautomator2Driver@cb04 (a84025fa)]&amp#27;[0m Got response with status 200: {"sessionId":"e13e9c10-6759-487b-84e8-6054836a870e","value":null}
&amp#27;[38;5;32m[AndroidUiautomator2Driver@cb04 (a84025fa)]&amp#27;[0m Responding to client with driver.click() result: null
&amp#27;[38;5;0m[HTTP]&amp#27;[0m &amp#27;[37m<-- POST /session/a84025fa-87fd-4432-a89c-6e57f823ae73/element/00000000-0000-0465-ffff-ffff000002d7/click &amp#27;[39m&amp#27;[32m200&amp#27;[39m &amp#27;[90m605 ms - 14&amp#27;[39m
&amp#27;[38;5;0m[HTTP]&amp#27;[0m &amp#27;[90m&amp#27;[39m
&amp#27;[38;5;0m[HTTP]&amp#27;[0m &amp#27;[37m-->&amp#27;[39m &amp#27;[37mGET&amp#27;[39m &amp#27;[37m/session/a84025fa-87fd-4432-a89c-6e57f823ae73/context&amp#27;[39m
&amp#27;[38;5;0m[HTTP]&amp#27;[0m &amp#27;[90m{}&amp#27;[39m
&amp#27;[38;5;32m[AndroidUiautomator2Driver@cb04 (a84025fa)]&amp#27;[0m Calling AppiumDriver.getCurrentContext() with args: ["a84025fa-87fd-4432-a89c-6e57f823ae73"]
&amp#27;[38;5;32m[AndroidUiautomator2Driver@cb04 (a84025fa)]&amp#27;[0m Responding to client with driver.getCurrentContext() result: "NATIVE_APP"
&amp#27;[38;5;0m[HTTP]&amp#27;[0m &amp#27;[37m<-- GET /session/a84025fa-87fd-4432-a89c-6e57f823ae73/context &amp#27;[39m&amp#27;[32m200&amp#27;[39m &amp#27;[90m1 ms - 22&amp#27;[39m
&amp#27;[38;5;0m[HTTP]&amp#27;[0m &amp#27;[90m&amp#27;[39m
&amp#27;[38;5;0m[HTTP]&amp#27;[0m &amp#27;[37m-->&amp#27;[39m &amp#27;[37mPOST&amp#27;[39m &amp#27;[37m/session/a84025fa-87fd-4432-a89c-6e57f823ae73/elements&amp#27;[39m
&amp#27;[38;5;0m[HTTP]&amp#27;[0m &amp#27;[90m{"value":"com.fivemobile.thescore:id/img_logo","using":"id"}&amp#27;[39m
&amp#27;[38;5;32m[AndroidUiautomator2Driver@cb04 (a84025fa)]&amp#27;[0m Calling AppiumDriver.findElements() with args: ["id","com.fivemobile.thescore:id/img_logo","a84025fa-87fd-4432-a89c-6e57f823ae73"]
&amp#27;[38;5;32m[AndroidUiautomator2Driver@cb04 (a84025fa)]&amp#27;[0m Valid locator strategies for this request: xpath, id, class name, accessibility id, css selector, -android uiautomator
&amp#27;[38;5;32m[AndroidUiautomator2Driver@cb04 (a84025fa)]&amp#27;[0m Waiting up to 10000 ms for condition
&amp#27;[38;5;32m[AndroidUiautomator2Driver@cb04 (a84025fa)]&amp#27;[0m Matched '/elements' to command name 'findElements'
&amp#27;[38;5;32m[AndroidUiautomator2Driver@cb04 (a84025fa)]&amp#27;[0m Proxying [POST /elements] to [POST http://127.0.0.1:8209/session/e13e9c10-6759-487b-84e8-6054836a870e/elements] with body: {"strategy":"id","selector":"com.fivemobile.thescore:id/img_logo","context":"","multiple":true}
&amp#27;[38;5;32m[AndroidUiautomator2Driver@cb04 (a84025fa)]&amp#27;[0m Got response with status 200: {"sessionId":"e13e9c10-6759-487b-84e8-6054836a870e","value":[{"ELEMENT":"00000000-0000-0464-ffff-ffff00000290","element-6066-11e4-a52e-4f735466cecf":"00000000-0000-0464-ffff-ffff00000290"},{"ELEMENT":"00000000-0000-0464-ffff-ffff00000296","element-6066-11e4-a52e-4f735466cecf":"00000000-0000-0464-ffff-ffff00000296"},{"ELEMENT":"00000000-0000-0464-ffff-ffff0000029c","element-6066-11e4-a52e-4f735466cecf":"00000000-0000-0464-ffff-ffff0000029c"},{"ELEMENT":"00000000-0000-0464-ffff-ffff000002a2","element-6066-11e4-a52e-4f735466cecf":"00000000-0000-0464-ffff-ffff000002a2"},{"ELEMENT":"00000000-0000-0464-ffff-ffff000002a8","element-6066-11e4-a52e-4f735466cecf":"00000000-0000-0464-ffff-ffff000002a8"},{"ELEMENT":"00000000-0000-0464-ffff-ffff000002ae","element-6066-11e4-a52e-4f735466cecf":"00000000-0000-0464-ffff-ffff000002ae"},{"ELEMENT":"00000000-0000-0464-ffff-ffff000002b4","element-6066-11e4-a52e-4f735466cecf":"00000000-0000-0464-ffff-ffff000002b4"}]}
&amp#27;[38;5;32m[AndroidUiautomator2Driver@cb04 (a84025fa)]&amp#27;[0m Responding to client with driver.findElements() result: [{"element-6066-11e4-a52e-4f735466cecf":"00000000-0000-0464-ffff-ffff00000290","ELEMENT":"00000000-0000-0464-ffff-ffff00000290"},{"element-6066-11e4-a52e-4f735466cecf":"00000000-0000-0464-ffff-ffff00000296","ELEMENT":"00000000-0000-0464-ffff-ffff00000296"},{"element-6066-11e4-a52e-4f735466cecf":"00000000-0000-0464-ffff-ffff0000029c","ELEMENT":"00000000-0000-0464-ffff-ffff0000029c"},{"element-6066-11e4-a52e-4f735466cecf":"00000000-0000-0464-ffff-ffff000002a2","ELEMENT":"00000000-0000-0464-ffff-ffff000002a2"},{"element-6066-11e4-a52e-4f735466cecf":"00000000-0000-0464-ffff-ffff000002a8","ELEMENT":"00000000-0000-0464-ffff-ffff000002a8"},{"element-6066-11e4-a52e-4f735466cecf":"00000000-0000-0464-ffff-ffff000002ae","ELEMENT":"00000000-0000-0464-ffff-ffff000002ae"},{"element-6066-11e4-a52e-4f735466cecf":"00000000-0000-0464-ffff-ffff000002b4","ELEMENT":"00000000-0000-0464-ffff-ffff000002b4"}]
&amp#27;[38;5;0m[HTTP]&amp#27;[0m &amp#27;[37m<-- POST /session/a84025fa-87fd-4432-a89c-6e57f823ae73/elements &amp#27;[39m&amp#27;[32m200&amp#27;[39m &amp#27;[90m108 ms - 907&amp#27;[39m
&amp#27;[38;5;0m[HTTP]&amp#27;[0m &amp#27;[90m&amp#27;[39m
&amp#27;[38;5;0m[HTTP]&amp#27;[0m &amp#27;[37m-->&amp#27;[39m &amp#27;[37mPOST&amp#27;[39m &amp#27;[37m/session/a84025fa-87fd-4432-a89c-6e57f823ae73/element/00000000-0000-0464-ffff-ffff00000290/click&amp#27;[39m
&amp#27;[38;5;0m[HTTP]&amp#27;[0m &amp#27;[90m{"id":"00000000-0000-0464-ffff-ffff00000290"}&amp#27;[39m
&amp#27;[38;5;32m[AndroidUiautomator2Driver@cb04 (a84025fa)]&amp#27;[0m Calling AppiumDriver.click() with args: ["00000000-0000-0464-ffff-ffff00000290","a84025fa-87fd-4432-a89c-6e57f823ae73"]
&amp#27;[38;5;32m[AndroidUiautomator2Driver@cb04 (a84025fa)]&amp#27;[0m Matched '/element/00000000-0000-0464-ffff-ffff00000290/click' to command name 'click'
&amp#27;[38;5;32m[AndroidUiautomator2Driver@cb04 (a84025fa)]&amp#27;[0m Proxying [POST /element/00000000-0000-0464-ffff-ffff00000290/click] to [POST http://127.0.0.1:8209/session/e13e9c10-6759-487b-84e8-6054836a870e/element/00000000-0000-0464-ffff-ffff00000290/click] with body: {"element":"00000000-0000-0464-ffff-ffff00000290"}
&amp#27;[38;5;32m[AndroidUiautomator2Driver@cb04 (a84025fa)]&amp#27;[0m Got response with status 200: {"sessionId":"e13e9c10-6759-487b-84e8-6054836a870e","value":null}
&amp#27;[38;5;32m[AndroidUiautomator2Driver@cb04 (a84025fa)]&amp#27;[0m Responding to client with driver.click() result: null
&amp#27;[38;5;0m[HTTP]&amp#27;[0m &amp#27;[37m<-- POST /session/a84025fa-87fd-4432-a89c-6e57f823ae73/element/00000000-0000-0464-ffff-ffff00000290/click &amp#27;[39m&amp#27;[32m200&amp#27;[39m &amp#27;[90m1154 ms - 14&amp#27;[39m
&amp#27;[38;5;0m[HTTP]&amp#27;[0m &amp#27;[90m&amp#27;[39m
&amp#27;[38;5;0m[HTTP]&amp#27;[0m &amp#27;[37m-->&amp#27;[39m &amp#27;[37mGET&amp#27;[39m &amp#27;[37m/session/a84025fa-87fd-4432-a89c-6e57f823ae73/context&amp#27;[39m
&amp#27;[38;5;0m[HTTP]&amp#27;[0m &amp#27;[90m{}&amp#27;[39m
&amp#27;[38;5;32m[AndroidUiautomator2Driver@cb04 (a84025fa)]&amp#27;[0m Calling AppiumDriver.getCurrentContext() with args: ["a84025fa-87fd-4432-a89c-6e57f823ae73"]
&amp#27;[38;5;32m[AndroidUiautomator2Driver@cb04 (a84025fa)]&amp#27;[0m Responding to client with driver.getCurrentContext() result: "NATIVE_APP"
&amp#27;[38;5;0m[HTTP]&amp#27;[0m &amp#27;[37m<-- GET /session/a84025fa-87fd-4432-a89c-6e57f823ae73/context &amp#27;[39m&amp#27;[32m200&amp#27;[39m &amp#27;[90m1 ms - 22&amp#27;[39m
&amp#27;[38;5;0m[HTTP]&amp#27;[0m &amp#27;[90m&amp#27;[39m
&amp#27;[38;5;0m[HTTP]&amp#27;[0m &amp#27;[37m-->&amp#27;[39m &amp#27;[37mPOST&amp#27;[39m &amp#27;[37m/session/a84025fa-87fd-4432-a89c-6e57f823ae73/element&amp#27;[39m
&amp#27;[38;5;0m[HTTP]&amp#27;[0m &amp#27;[90m{"value":"com.fivemobile.thescore:id/btn_primary","using":"id"}&amp#27;[39m
&amp#27;[38;5;32m[AndroidUiautomator2Driver@cb04 (a84025fa)]&amp#27;[0m Calling AppiumDriver.findElement() with args: ["id","com.fivemobile.thescore:id/btn_primary","a84025fa-87fd-4432-a89c-6e57f823ae73"]
&amp#27;[38;5;32m[AndroidUiautomator2Driver@cb04 (a84025fa)]&amp#27;[0m Valid locator strategies for this request: xpath, id, class name, accessibility id, css selector, -android uiautomator
&amp#27;[38;5;32m[AndroidUiautomator2Driver@cb04 (a84025fa)]&amp#27;[0m Waiting up to 10000 ms for condition
&amp#27;[38;5;32m[AndroidUiautomator2Driver@cb04 (a84025fa)]&amp#27;[0m Matched '/element' to command name 'findElement'
&amp#27;[38;5;32m[AndroidUiautomator2Driver@cb04 (a84025fa)]&amp#27;[0m Proxying [POST /element] to [POST http://127.0.0.1:8209/session/e13e9c10-6759-487b-84e8-6054836a870e/element] with body: {"strategy":"id","selector":"com.fivemobile.thescore:id/btn_primary","context":"","multiple":false}
&amp#27;[38;5;32m[AndroidUiautomator2Driver@cb04 (a84025fa)]&amp#27;[0m Got response with status 200: {"sessionId":"e13e9c10-6759-487b-84e8-6054836a870e","value":{"ELEMENT":"00000000-0000-0464-ffff-ffff00000155","element-6066-11e4-a52e-4f735466cecf":"00000000-0000-0464-ffff-ffff00000155"}}
&amp#27;[38;5;32m[AndroidUiautomator2Driver@cb04 (a84025fa)]&amp#27;[0m Responding to client with driver.findElement() result: {"element-6066-11e4-a52e-4f735466cecf":"00000000-0000-0464-ffff-ffff00000155","ELEMENT":"00000000-0000-0464-ffff-ffff00000155"}
&amp#27;[38;5;0m[HTTP]&amp#27;[0m &amp#27;[37m<-- POST /session/a84025fa-87fd-4432-a89c-6e57f823ae73/element &amp#27;[39m&amp#27;[32m200&amp#27;[39m &amp#27;[90m89 ms - 137&amp#27;[39m
&amp#27;[38;5;0m[HTTP]&amp#27;[0m &amp#27;[90m&amp#27;[39m
&amp#27;[38;5;0m[HTTP]&amp#27;[0m &amp#27;[37m-->&amp#27;[39m &amp#27;[37mPOST&amp#27;[39m &amp#27;[37m/session/a84025fa-87fd-4432-a89c-6e57f823ae73/element/00000000-0000-0464-ffff-ffff00000155/click&amp#27;[39m
&amp#27;[38;5;0m[HTTP]&amp#27;[0m &amp#27;[90m{"id":"00000000-0000-0464-ffff-ffff00000155"}&amp#27;[39m
&amp#27;[38;5;32m[AndroidUiautomator2Driver@cb04 (a84025fa)]&amp#27;[0m Calling AppiumDriver.click() with args: ["00000000-0000-0464-ffff-ffff00000155","a84025fa-87fd-4432-a89c-6e57f823ae73"]
&amp#27;[38;5;32m[AndroidUiautomator2Driver@cb04 (a84025fa)]&amp#27;[0m Matched '/element/00000000-0000-0464-ffff-ffff00000155/click' to command name 'click'
&amp#27;[38;5;32m[AndroidUiautomator2Driver@cb04 (a84025fa)]&amp#27;[0m Proxying [POST /element/00000000-0000-0464-ffff-ffff00000155/click] to [POST http://127.0.0.1:8209/session/e13e9c10-6759-487b-84e8-6054836a870e/element/00000000-0000-0464-ffff-ffff00000155/click] with body: {"element":"00000000-0000-0464-ffff-ffff00000155"}
&amp#27;[38;5;32m[AndroidUiautomator2Driver@cb04 (a84025fa)]&amp#27;[0m Got response with status 200: {"sessionId":"e13e9c10-6759-487b-84e8-6054836a870e","value":null}
&amp#27;[38;5;32m[AndroidUiautomator2Driver@cb04 (a84025fa)]&amp#27;[0m Responding to client with driver.click() result: null
&amp#27;[38;5;0m[HTTP]&amp#27;[0m &amp#27;[37m<-- POST /session/a84025fa-87fd-4432-a89c-6e57f823ae73/element/00000000-0000-0464-ffff-ffff00000155/click &amp#27;[39m&amp#27;[32m200&amp#27;[39m &amp#27;[90m61 ms - 14&amp#27;[39m
&amp#27;[38;5;0m[HTTP]&amp#27;[0m &amp#27;[90m&amp#27;[39m
&amp#27;[38;5;0m[HTTP]&amp#27;[0m &amp#27;[37m-->&amp#27;[39m &amp#27;[37mGET&amp#27;[39m &amp#27;[37m/session/a84025fa-87fd-4432-a89c-6e57f823ae73/context&amp#27;[39m
&amp#27;[38;5;0m[HTTP]&amp#27;[0m &amp#27;[90m{}&amp#27;[39m
&amp#27;[38;5;32m[AndroidUiautomator2Driver@cb04 (a84025fa)]&amp#27;[0m Calling AppiumDriver.getCurrentContext() with args: ["a84025fa-87fd-4432-a89c-6e57f823ae73"]
&amp#27;[38;5;32m[AndroidUiautomator2Driver@cb04 (a84025fa)]&amp#27;[0m Responding to client with driver.getCurrentContext() result: "NATIVE_APP"
&amp#27;[38;5;0m[HTTP]&amp#27;[0m &amp#27;[37m<-- GET /session/a84025fa-87fd-4432-a89c-6e57f823ae73/context &amp#27;[39m&amp#27;[32m200&amp#27;[39m &amp#27;[90m1 ms - 22&amp#27;[39m
&amp#27;[38;5;0m[HTTP]&amp#27;[0m &amp#27;[90m&amp#27;[39m
&amp#27;[38;5;0m[HTTP]&amp#27;[0m &amp#27;[37m-->&amp#27;[39m &amp#27;[37mPOST&amp#27;[39m &amp#27;[37m/session/a84025fa-87fd-4432-a89c-6e57f823ae73/element&amp#27;[39m
&amp#27;[38;5;0m[HTTP]&amp#27;[0m &amp#27;[90m{"value":"com.fivemobile.thescore:id/btn_primary","using":"id"}&amp#27;[39m
&amp#27;[38;5;32m[AndroidUiautomator2Driver@cb04 (a84025fa)]&amp#27;[0m Calling AppiumDriver.findElement() with args: ["id","com.fivemobile.thescore:id/btn_primary","a84025fa-87fd-4432-a89c-6e57f823ae73"]
&amp#27;[38;5;32m[AndroidUiautomator2Driver@cb04 (a84025fa)]&amp#27;[0m Valid locator strategies for this request: xpath, id, class name, accessibility id, css selector, -android uiautomator
&amp#27;[38;5;32m[AndroidUiautomator2Driver@cb04 (a84025fa)]&amp#27;[0m Waiting up to 10000 ms for condition
&amp#27;[38;5;32m[AndroidUiautomator2Driver@cb04 (a84025fa)]&amp#27;[0m Matched '/element' to command name 'findElement'
&amp#27;[38;5;32m[AndroidUiautomator2Driver@cb04 (a84025fa)]&amp#27;[0m Proxying [POST /element] to [POST http://127.0.0.1:8209/session/e13e9c10-6759-487b-84e8-6054836a870e/element] with body: {"strategy":"id","selector":"com.fivemobile.thescore:id/btn_primary","context":"","multiple":false}
&amp#27;[38;5;32m[AndroidUiautomator2Driver@cb04 (a84025fa)]&amp#27;[0m Got response with status 200: {"sessionId":"e13e9c10-6759-487b-84e8-6054836a870e","value":{"ELEMENT":"00000000-0000-0464-ffff-ffff00000155","element-6066-11e4-a52e-4f735466cecf":"00000000-0000-0464-ffff-ffff00000155"}}
&amp#27;[38;5;32m[AndroidUiautomator2Driver@cb04 (a84025fa)]&amp#27;[0m Responding to client with driver.findElement() result: {"element-6066-11e4-a52e-4f735466cecf":"00000000-0000-0464-ffff-ffff00000155","ELEMENT":"00000000-0000-0464-ffff-ffff00000155"}
&amp#27;[38;5;0m[HTTP]&amp#27;[0m &amp#27;[37m<-- POST /session/a84025fa-87fd-4432-a89c-6e57f823ae73/element &amp#27;[39m&amp#27;[32m200&amp#27;[39m &amp#27;[90m1238 ms - 137&amp#27;[39m
&amp#27;[38;5;0m[HTTP]&amp#27;[0m &amp#27;[90m&amp#27;[39m
&amp#27;[38;5;0m[HTTP]&amp#27;[0m &amp#27;[37m-->&amp#27;[39m &amp#27;[37mPOST&amp#27;[39m &amp#27;[37m/session/a84025fa-87fd-4432-a89c-6e57f823ae73/element/00000000-0000-0464-ffff-ffff00000155/click&amp#27;[39m
&amp#27;[38;5;0m[HTTP]&amp#27;[0m &amp#27;[90m{"id":"00000000-0000-0464-ffff-ffff00000155"}&amp#27;[39m
&amp#27;[38;5;32m[AndroidUiautomator2Driver@cb04 (a84025fa)]&amp#27;[0m Calling AppiumDriver.click() with args: ["00000000-0000-0464-ffff-ffff00000155","a84025fa-87fd-4432-a89c-6e57f823ae73"]
&amp#27;[38;5;32m[AndroidUiautomator2Driver@cb04 (a84025fa)]&amp#27;[0m Matched '/element/00000000-0000-0464-ffff-ffff00000155/click' to command name 'click'
&amp#27;[38;5;32m[AndroidUiautomator2Driver@cb04 (a84025fa)]&amp#27;[0m Proxying [POST /element/00000000-0000-0464-ffff-ffff00000155/click] to [POST http://127.0.0.1:8209/session/e13e9c10-6759-487b-84e8-6054836a870e/element/00000000-0000-0464-ffff-ffff00000155/click] with body: {"element":"00000000-0000-0464-ffff-ffff00000155"}
&amp#27;[38;5;32m[AndroidUiautomator2Driver@cb04 (a84025fa)]&amp#27;[0m Got response with status 200: {"sessionId":"e13e9c10-6759-487b-84e8-6054836a870e","value":null}
&amp#27;[38;5;32m[AndroidUiautomator2Driver@cb04 (a84025fa)]&amp#27;[0m Responding to client with driver.click() result: null
&amp#27;[38;5;0m[HTTP]&amp#27;[0m &amp#27;[37m<-- POST /session/a84025fa-87fd-4432-a89c-6e57f823ae73/element/00000000-0000-0464-ffff-ffff00000155/click &amp#27;[39m&amp#27;[32m200&amp#27;[39m &amp#27;[90m1153 ms - 14&amp#27;[39m
&amp#27;[38;5;0m[HTTP]&amp#27;[0m &amp#27;[90m&amp#27;[39m
&amp#27;[38;5;0m[HTTP]&amp#27;[0m &amp#27;[37m-->&amp#27;[39m &amp#27;[37mGET&amp#27;[39m &amp#27;[37m/session/a84025fa-87fd-4432-a89c-6e57f823ae73/context&amp#27;[39m
&amp#27;[38;5;0m[HTTP]&amp#27;[0m &amp#27;[90m{}&amp#27;[39m
&amp#27;[38;5;32m[AndroidUiautomator2Driver@cb04 (a84025fa)]&amp#27;[0m Calling AppiumDriver.getCurrentContext() with args: ["a84025fa-87fd-4432-a89c-6e57f823ae73"]
&amp#27;[38;5;32m[AndroidUiautomator2Driver@cb04 (a84025fa)]&amp#27;[0m Responding to client with driver.getCurrentContext() result: "NATIVE_APP"
&amp#27;[38;5;0m[HTTP]&amp#27;[0m &amp#27;[37m<-- GET /session/a84025fa-87fd-4432-a89c-6e57f823ae73/context &amp#27;[39m&amp#27;[32m200&amp#27;[39m &amp#27;[90m1 ms - 22&amp#27;[39m
&amp#27;[38;5;0m[HTTP]&amp#27;[0m &amp#27;[90m&amp#27;[39m
&amp#27;[38;5;0m[HTTP]&amp#27;[0m &amp#27;[37m-->&amp#27;[39m &amp#27;[37mPOST&amp#27;[39m &amp#27;[37m/session/a84025fa-87fd-4432-a89c-6e57f823ae73/element&amp#27;[39m
&amp#27;[38;5;0m[HTTP]&amp#27;[0m &amp#27;[90m{"value":"com.fivemobile.thescore:id/btn_secondary","using":"id"}&amp#27;[39m
&amp#27;[38;5;32m[AndroidUiautomator2Driver@cb04 (a84025fa)]&amp#27;[0m Calling AppiumDriver.findElement() with args: ["id","com.fivemobile.thescore:id/btn_secondary","a84025fa-87fd-4432-a89c-6e57f823ae73"]
&amp#27;[38;5;32m[AndroidUiautomator2Driver@cb04 (a84025fa)]&amp#27;[0m Valid locator strategies for this request: xpath, id, class name, accessibility id, css selector, -android uiautomator
&amp#27;[38;5;32m[AndroidUiautomator2Driver@cb04 (a84025fa)]&amp#27;[0m Waiting up to 10000 ms for condition
&amp#27;[38;5;32m[AndroidUiautomator2Driver@cb04 (a84025fa)]&amp#27;[0m Matched '/element' to command name 'findElement'
&amp#27;[38;5;32m[AndroidUiautomator2Driver@cb04 (a84025fa)]&amp#27;[0m Proxying [POST /element] to [POST http://127.0.0.1:8209/session/e13e9c10-6759-487b-84e8-6054836a870e/element] with body: {"strategy":"id","selector":"com.fivemobile.thescore:id/btn_secondary","context":"","multiple":false}
&amp#27;[38;5;32m[AndroidUiautomator2Driver@cb04 (a84025fa)]&amp#27;[0m Got response with status 200: {"sessionId":"e13e9c10-6759-487b-84e8-6054836a870e","value":{"ELEMENT":"00000000-0000-0464-ffff-ffff00000158","element-6066-11e4-a52e-4f735466cecf":"00000000-0000-0464-ffff-ffff00000158"}}
&amp#27;[38;5;32m[AndroidUiautomator2Driver@cb04 (a84025fa)]&amp#27;[0m Responding to client with driver.findElement() result: {"element-6066-11e4-a52e-4f735466cecf":"00000000-0000-0464-ffff-ffff00000158","ELEMENT":"00000000-0000-0464-ffff-ffff00000158"}
&amp#27;[38;5;0m[HTTP]&amp#27;[0m &amp#27;[37m<-- POST /session/a84025fa-87fd-4432-a89c-6e57f823ae73/element &amp#27;[39m&amp#27;[32m200&amp#27;[39m &amp#27;[90m26 ms - 137&amp#27;[39m
&amp#27;[38;5;0m[HTTP]&amp#27;[0m &amp#27;[90m&amp#27;[39m
&amp#27;[38;5;0m[HTTP]&amp#27;[0m &amp#27;[37m-->&amp#27;[39m &amp#27;[37mPOST&amp#27;[39m &amp#27;[37m/session/a84025fa-87fd-4432-a89c-6e57f823ae73/element/00000000-0000-0464-ffff-ffff00000158/click&amp#27;[39m
&amp#27;[38;5;0m[HTTP]&amp#27;[0m &amp#27;[90m{"id":"00000000-0000-0464-ffff-ffff00000158"}&amp#27;[39m
&amp#27;[38;5;32m[AndroidUiautomator2Driver@cb04 (a84025fa)]&amp#27;[0m Calling AppiumDriver.click() with args: ["00000000-0000-0464-ffff-ffff00000158","a84025fa-87fd-4432-a89c-6e57f823ae73"]
&amp#27;[38;5;32m[AndroidUiautomator2Driver@cb04 (a84025fa)]&amp#27;[0m Matched '/element/00000000-0000-0464-ffff-ffff00000158/click' to command name 'click'
&amp#27;[38;5;32m[AndroidUiautomator2Driver@cb04 (a84025fa)]&amp#27;[0m Proxying [POST /element/00000000-0000-0464-ffff-ffff00000158/click] to [POST http://127.0.0.1:8209/session/e13e9c10-6759-487b-84e8-6054836a870e/element/00000000-0000-0464-ffff-ffff00000158/click] with body: {"element":"00000000-0000-0464-ffff-ffff00000158"}
&amp#27;[38;5;32m[AndroidUiautomator2Driver@cb04 (a84025fa)]&amp#27;[0m Got response with status 200: {"sessionId":"e13e9c10-6759-487b-84e8-6054836a870e","value":null}
&amp#27;[38;5;32m[AndroidUiautomator2Driver@cb04 (a84025fa)]&amp#27;[0m Responding to client with driver.click() result: null
&amp#27;[38;5;0m[HTTP]&amp#27;[0m &amp#27;[37m<-- POST /session/a84025fa-87fd-4432-a89c-6e57f823ae73/element/00000000-0000-0464-ffff-ffff00000158/click &amp#27;[39m&amp#27;[32m200&amp#27;[39m &amp#27;[90m1877 ms - 14&amp#27;[39m
&amp#27;[38;5;0m[HTTP]&amp#27;[0m &amp#27;[90m&amp#27;[39m
&amp#27;[38;5;0m[HTTP]&amp#27;[0m &amp#27;[37m-->&amp#27;[39m &amp#27;[37mGET&amp#27;[39m &amp#27;[37m/session/a84025fa-87fd-4432-a89c-6e57f823ae73/context&amp#27;[39m
&amp#27;[38;5;0m[HTTP]&amp#27;[0m &amp#27;[90m{}&amp#27;[39m
&amp#27;[38;5;32m[AndroidUiautomator2Driver@cb04 (a84025fa)]&amp#27;[0m Calling AppiumDriver.getCurrentContext() with args: ["a84025fa-87fd-4432-a89c-6e57f823ae73"]
&amp#27;[38;5;32m[AndroidUiautomator2Driver@cb04 (a84025fa)]&amp#27;[0m Responding to client with driver.getCurrentContext() result: "NATIVE_APP"
&amp#27;[38;5;0m[HTTP]&amp#27;[0m &amp#27;[37m<-- GET /session/a84025fa-87fd-4432-a89c-6e57f823ae73/context &amp#27;[39m&amp#27;[32m200&amp#27;[39m &amp#27;[90m1 ms - 22&amp#27;[39m
&amp#27;[38;5;0m[HTTP]&amp#27;[0m &amp#27;[90m&amp#27;[39m
&amp#27;[38;5;0m[HTTP]&amp#27;[0m &amp#27;[37m-->&amp#27;[39m &amp#27;[37mPOST&amp#27;[39m &amp#27;[37m/session/a84025fa-87fd-4432-a89c-6e57f823ae73/element&amp#27;[39m
&amp#27;[38;5;0m[HTTP]&amp#27;[0m &amp#27;[90m{"value":"com.android.permissioncontroller:id/permission_allow_button","using":"id"}&amp#27;[39m
&amp#27;[38;5;32m[AndroidUiautomator2Driver@cb04 (a84025fa)]&amp#27;[0m Calling AppiumDriver.findElement() with args: ["id","com.android.permissioncontroller:id/permission_allow_button","a84025fa-87fd-4432-a89c-6e57f823ae73"]
&amp#27;[38;5;32m[AndroidUiautomator2Driver@cb04 (a84025fa)]&amp#27;[0m Valid locator strategies for this request: xpath, id, class name, accessibility id, css selector, -android uiautomator
&amp#27;[38;5;32m[AndroidUiautomator2Driver@cb04 (a84025fa)]&amp#27;[0m Waiting up to 10000 ms for condition
&amp#27;[38;5;32m[AndroidUiautomator2Driver@cb04 (a84025fa)]&amp#27;[0m Matched '/element' to command name 'findElement'
&amp#27;[38;5;32m[AndroidUiautomator2Driver@cb04 (a84025fa)]&amp#27;[0m Proxying [POST /element] to [POST http://127.0.0.1:8209/session/e13e9c10-6759-487b-84e8-6054836a870e/element] with body: {"strategy":"id","selector":"com.android.permissioncontroller:id/permission_allow_button","context":"","multiple":false}
&amp#27;[38;5;32m[AndroidUiautomator2Driver@cb04 (a84025fa)]&amp#27;[0m Got response with status 200: {"sessionId":"e13e9c10-6759-487b-84e8-6054836a870e","value":{"ELEMENT":"00000000-0000-0467-ffff-ffff0000005e","element-6066-11e4-a52e-4f735466cecf":"00000000-0000-0467-ffff-ffff0000005e"}}
&amp#27;[38;5;32m[AndroidUiautomator2Driver@cb04 (a84025fa)]&amp#27;[0m Responding to client with driver.findElement() result: {"element-6066-11e4-a52e-4f735466cecf":"00000000-0000-0467-ffff-ffff0000005e","ELEMENT":"00000000-0000-0467-ffff-ffff0000005e"}
&amp#27;[38;5;0m[HTTP]&amp#27;[0m &amp#27;[37m<-- POST /session/a84025fa-87fd-4432-a89c-6e57f823ae73/element &amp#27;[39m&amp#27;[32m200&amp#27;[39m &amp#27;[90m57 ms - 137&amp#27;[39m
&amp#27;[38;5;0m[HTTP]&amp#27;[0m &amp#27;[90m&amp#27;[39m
&amp#27;[38;5;0m[HTTP]&amp#27;[0m &amp#27;[37m-->&amp#27;[39m &amp#27;[37mPOST&amp#27;[39m &amp#27;[37m/session/a84025fa-87fd-4432-a89c-6e57f823ae73/element/00000000-0000-0467-ffff-ffff0000005e/click&amp#27;[39m
&amp#27;[38;5;0m[HTTP]&amp#27;[0m &amp#27;[90m{"id":"00000000-0000-0467-ffff-ffff0000005e"}&amp#27;[39m
&amp#27;[38;5;32m[AndroidUiautomator2Driver@cb04 (a84025fa)]&amp#27;[0m Calling AppiumDriver.click() with args: ["00000000-0000-0467-ffff-ffff0000005e","a84025fa-87fd-4432-a89c-6e57f823ae73"]
&amp#27;[38;5;32m[AndroidUiautomator2Driver@cb04 (a84025fa)]&amp#27;[0m Matched '/element/00000000-0000-0467-ffff-ffff0000005e/click' to command name 'click'
&amp#27;[38;5;32m[AndroidUiautomator2Driver@cb04 (a84025fa)]&amp#27;[0m Proxying [POST /element/00000000-0000-0467-ffff-ffff0000005e/click] to [POST http://127.0.0.1:8209/session/e13e9c10-6759-487b-84e8-6054836a870e/element/00000000-0000-0467-ffff-ffff0000005e/click] with body: {"element":"00000000-0000-0467-ffff-ffff0000005e"}
&amp#27;[38;5;32m[AndroidUiautomator2Driver@cb04 (a84025fa)]&amp#27;[0m Got response with status 200: {"sessionId":"e13e9c10-6759-487b-84e8-6054836a870e","value":null}
&amp#27;[38;5;32m[AndroidUiautomator2Driver@cb04 (a84025fa)]&amp#27;[0m Responding to client with driver.click() result: null
&amp#27;[38;5;0m[HTTP]&amp#27;[0m &amp#27;[37m<-- POST /session/a84025fa-87fd-4432-a89c-6e57f823ae73/element/00000000-0000-0467-ffff-ffff0000005e/click &amp#27;[39m&amp#27;[32m200&amp#27;[39m &amp#27;[90m154 ms - 14&amp#27;[39m
&amp#27;[38;5;0m[HTTP]&amp#27;[0m &amp#27;[90m&amp#27;[39m
&amp#27;[38;5;0m[HTTP]&amp#27;[0m &amp#27;[37m-->&amp#27;[39m &amp#27;[37mGET&amp#27;[39m &amp#27;[37m/session/a84025fa-87fd-4432-a89c-6e57f823ae73/context&amp#27;[39m
&amp#27;[38;5;0m[HTTP]&amp#27;[0m &amp#27;[90m{}&amp#27;[39m
&amp#27;[38;5;32m[AndroidUiautomator2Driver@cb04 (a84025fa)]&amp#27;[0m Calling AppiumDriver.getCurrentContext() with args: ["a84025fa-87fd-4432-a89c-6e57f823ae73"]
&amp#27;[38;5;32m[AndroidUiautomator2Driver@cb04 (a84025fa)]&amp#27;[0m Responding to client with driver.getCurrentContext() result: "NATIVE_APP"
&amp#27;[38;5;0m[HTTP]&amp#27;[0m &amp#27;[37m<-- GET /session/a84025fa-87fd-4432-a89c-6e57f823ae73/context &amp#27;[39m&amp#27;[32m200&amp#27;[39m &amp#27;[90m1 ms - 22&amp#27;[39m
&amp#27;[38;5;0m[HTTP]&amp#27;[0m &amp#27;[90m&amp#27;[39m
&amp#27;[38;5;0m[HTTP]&amp#27;[0m &amp#27;[37m-->&amp#27;[39m &amp#27;[37mPOST&amp#27;[39m &amp#27;[37m/session/a84025fa-87fd-4432-a89c-6e57f823ae73/element&amp#27;[39m
&amp#27;[38;5;0m[HTTP]&amp#27;[0m &amp#27;[90m{"value":"Ok, Got It","using":"accessibility id"}&amp#27;[39m
&amp#27;[38;5;32m[AndroidUiautomator2Driver@cb04 (a84025fa)]&amp#27;[0m Calling AppiumDriver.findElement() with args: ["accessibility id","Ok, Got It","a84025fa-87fd-4432-a89c-6e57f823ae73"]
&amp#27;[38;5;32m[AndroidUiautomator2Driver@cb04 (a84025fa)]&amp#27;[0m Valid locator strategies for this request: xpath, id, class name, accessibility id, css selector, -android uiautomator
&amp#27;[38;5;32m[AndroidUiautomator2Driver@cb04 (a84025fa)]&amp#27;[0m Waiting up to 10000 ms for condition
&amp#27;[38;5;32m[AndroidUiautomator2Driver@cb04 (a84025fa)]&amp#27;[0m Matched '/element' to command name 'findElement'
&amp#27;[38;5;32m[AndroidUiautomator2Driver@cb04 (a84025fa)]&amp#27;[0m Proxying [POST /element] to [POST http://127.0.0.1:8209/session/e13e9c10-6759-487b-84e8-6054836a870e/element] with body: {"strategy":"accessibility id","selector":"Ok, Got It","context":"","multiple":false}
&amp#27;[38;5;32m[AndroidUiautomator2Driver@cb04 (a84025fa)]&amp#27;[0m Got response with status 404: {"sessionId":"e13e9c10-6759-487b-84e8-6054836a870e","value":{"error":"no such element","message":"An element could not be located on the page using the given search parameters","stacktrace":"io.appium.uiautomator2.common.exceptions.ElementNotFoundException: An element could not be located on the page using the given search parameters\n\tat io.appium.uiautomator2.handler.FindElement.safeHandle(FindElement.java:63)\n\tat io.appium.uiautomator2.handler.request.SafeRequestHandler.handle(SafeRequestHandler.java:59)\n\tat io.appium.uiautomator2.server.AppiumServlet.handleRequest(AppiumServlet.java:259)\n\tat io.appium.uiautomator2.server.AppiumServlet.handleHttpRequest(AppiumServlet.java:253)\n\tat io.appium.uiautomator2.http.ServerHandler.channelRead(ServerHandler.java:77)\n\tat io.netty.channel.AbstractChannelHandlerContext.invokeChannelRead(AbstractChannelHandlerContext.java:366)\n\tat io.netty.channel.AbstractChannelHandlerContext.invokeChannelRead(AbstractChannelHandlerContext.java:352)\n\tat io.netty.chann...
&amp#27;[38;5;112m[W3C]&amp#27;[0m Matched W3C error code 'no such element' to NoSuchElementError
&amp#27;[38;5;32m[AndroidUiautomator2Driver@cb04 (a84025fa)]&amp#27;[0m Waited for 2647 ms so far
&amp#27;[38;5;32m[AndroidUiautomator2Driver@cb04 (a84025fa)]&amp#27;[0m Matched '/element' to command name 'findElement'
&amp#27;[38;5;32m[AndroidUiautomator2Driver@cb04 (a84025fa)]&amp#27;[0m Proxying [POST /element] to [POST http://127.0.0.1:8209/session/e13e9c10-6759-487b-84e8-6054836a870e/element] with body: {"strategy":"accessibility id","selector":"Ok, Got It","context":"","multiple":false}
&amp#27;[38;5;32m[AndroidUiautomator2Driver@cb04 (a84025fa)]&amp#27;[0m Got response with status 200: {"sessionId":"e13e9c10-6759-487b-84e8-6054836a870e","value":{"ELEMENT":"00000000-0000-0468-0000-0028000003b1","element-6066-11e4-a52e-4f735466cecf":"00000000-0000-0468-0000-0028000003b1"}}
&amp#27;[38;5;32m[AndroidUiautomator2Driver@cb04 (a84025fa)]&amp#27;[0m Responding to client with driver.findElement() result: {"element-6066-11e4-a52e-4f735466cecf":"00000000-0000-0468-0000-0028000003b1","ELEMENT":"00000000-0000-0468-0000-0028000003b1"}
&amp#27;[38;5;0m[HTTP]&amp#27;[0m &amp#27;[37m<-- POST /session/a84025fa-87fd-4432-a89c-6e57f823ae73/element &amp#27;[39m&amp#27;[32m200&amp#27;[39m &amp#27;[90m3798 ms - 137&amp#27;[39m
&amp#27;[38;5;0m[HTTP]&amp#27;[0m &amp#27;[90m&amp#27;[39m
[...]
&amp#27;[38;5;32m[AndroidUiautomator2Driver@cb04 (a84025fa)]&amp#27;[0m Got response with status 200: {"sessionId":"e13e9c10-6759-487b-84e8-6054836a870e","value":{"ELEMENT":"00000000-0000-0464-ffff-ffff0000078a","element-6066-11e4-a52e-4f735466cecf":"00000000-0000-0464-ffff-ffff0000078a"}}
&amp#27;[38;5;32m[AndroidUiautomator2Driver@cb04 (a84025fa)]&amp#27;[0m Responding to client with driver.findElement() result: {"element-6066-11e4-a52e-4f735466cecf":"00000000-0000-0464-ffff-ffff0000078a","ELEMENT":"00000000-0000-0464-ffff-ffff0000078a"}
&amp#27;[38;5;0m[HTTP]&amp#27;[0m &amp#27;[37m<-- POST /session/a84025fa-87fd-4432-a89c-6e57f823ae73/element &amp#27;[39m&amp#27;[32m200&amp#27;[39m &amp#27;[90m956 ms - 137&amp#27;[39m
&amp#27;[38;5;0m[HTTP]&amp#27;[0m &amp#27;[90m&amp#27;[39m
&amp#27;[38;5;0m[HTTP]&amp#27;[0m &amp#27;[37m-->&amp#27;[39m &amp#27;[37mGET&amp#27;[39m &amp#27;[37m/session/a84025fa-87fd-4432-a89c-6e57f823ae73/element/00000000-0000-0464-ffff-ffff0000078a/displayed&amp#27;[39m
&amp#27;[38;5;0m[HTTP]&amp#27;[0m &amp#27;[90m{}&amp#27;[39m
&amp#27;[38;5;32m[AndroidUiautomator2Driver@cb04 (a84025fa)]&amp#27;[0m Calling AppiumDriver.elementDisplayed() with args: ["00000000-0000-0464-ffff-ffff0000078a","a84025fa-87fd-4432-a89c-6e57f823ae73"]
&amp#27;[38;5;32m[AndroidUiautomator2Driver@cb04 (a84025fa)]&amp#27;[0m Matched '/element/00000000-0000-0464-ffff-ffff0000078a/attribute/displayed' to command name 'getAttribute'
&amp#27;[38;5;32m[AndroidUiautomator2Driver@cb04 (a84025fa)]&amp#27;[0m Proxying [GET /element/00000000-0000-0464-ffff-ffff0000078a/attribute/displayed] to [GET http://127.0.0.1:8209/session/e13e9c10-6759-487b-84e8-6054836a870e/element/00000000-0000-0464-ffff-ffff0000078a/attribute/displayed] with no body
&amp#27;[38;5;32m[AndroidUiautomator2Driver@cb04 (a84025fa)]&amp#27;[0m Got response with status 200: {"sessionId":"e13e9c10-6759-487b-84e8-6054836a870e","value":"true"}
&amp#27;[38;5;32m[AndroidUiautomator2Driver@cb04 (a84025fa)]&amp#27;[0m Responding to client with driver.elementDisplayed() result: true
&amp#27;[38;5;0m[HTTP]&amp#27;[0m &amp#27;[37m<-- GET /session/a84025fa-87fd-4432-a89c-6e57f823ae73/element/00000000-0000-0464-ffff-ffff0000078a/displayed &amp#27;[39m&amp#27;[32m200&amp#27;[39m &amp#27;[90m13 ms - 14&amp#27;[39m
&amp#27;[38;5;0m[HTTP]&amp#27;[0m &amp#27;[90m&amp#27;[39m
&amp#27;[38;5;0m[HTTP]&amp#27;[0m &amp#27;[37m-->&amp#27;[39m &amp#27;[37mGET&amp#27;[39m &amp#27;[37m/session/a84025fa-87fd-4432-a89c-6e57f823ae73/context&amp#27;[39m
&amp#27;[38;5;0m[HTTP]&amp#27;[0m &amp#27;[90m{}&amp#27;[39m
&amp#27;[38;5;32m[AndroidUiautomator2Driver@cb04 (a84025fa)]&amp#27;[0m Calling AppiumDriver.getCurrentContext() with args: ["a84025fa-87fd-4432-a89c-6e57f823ae73"]
&amp#27;[38;5;32m[AndroidUiautomator2Driver@cb04 (a84025fa)]&amp#27;[0m Responding to client with driver.getCurrentContext() result: "NATIVE_APP"
&amp#27;[38;5;0m[HTTP]&amp#27;[0m &amp#27;[37m<-- GET /session/a84025fa-87fd-4432-a89c-6e57f823ae73/context &amp#27;[39m&amp#27;[32m200&amp#27;[39m &amp#27;[90m1 ms - 22&amp#27;[39m
&amp#27;[38;5;0m[HTTP]&amp#27;[0m &amp#27;[90m&amp#27;[39m
&amp#27;[38;5;0m[HTTP]&amp#27;[0m &amp#27;[37m-->&amp#27;[39m &amp#27;[37mPOST&amp#27;[39m &amp#27;[37m/session/a84025fa-87fd-4432-a89c-6e57f823ae73/element&amp#27;[39m
&amp#27;[38;5;0m[HTTP]&amp#27;[0m &amp#27;[90m{"value":"All","using":"accessibility id"}&amp#27;[39m
&amp#27;[38;5;32m[AndroidUiautomator2Driver@cb04 (a84025fa)]&amp#27;[0m Calling AppiumDriver.findElement() with args: ["accessibility id","All","a84025fa-87fd-4432-a89c-6e57f823ae73"]
&amp#27;[38;5;32m[AndroidUiautomator2Driver@cb04 (a84025fa)]&amp#27;[0m Valid locator strategies for this request: xpath, id, class name, accessibility id, css selector, -android uiautomator
&amp#27;[38;5;32m[AndroidUiautomator2Driver@cb04 (a84025fa)]&amp#27;[0m Waiting up to 10000 ms for condition
&amp#27;[38;5;32m[AndroidUiautomator2Driver@cb04 (a84025fa)]&amp#27;[0m Matched '/element' to command name 'findElement'
&amp#27;[38;5;32m[AndroidUiautomator2Driver@cb04 (a84025fa)]&amp#27;[0m Proxying [POST /element] to [POST http://127.0.0.1:8209/session/e13e9c10-6759-487b-84e8-6054836a870e/element] with body: {"strategy":"accessibility id","selector":"All","context":"","multiple":false}
&amp#27;[38;5;32m[AndroidUiautomator2Driver@cb04 (a84025fa)]&amp#27;[0m Got response with status 200: {"sessionId":"e13e9c10-6759-487b-84e8-6054836a870e","value":{"ELEMENT":"00000000-0000-0464-ffff-ffff00000776","element-6066-11e4-a52e-4f735466cecf":"00000000-0000-0464-ffff-ffff00000776"}}
&amp#27;[38;5;32m[AndroidUiautomator2Driver@cb04 (a84025fa)]&amp#27;[0m Responding to client with driver.findElement() result: {"element-6066-11e4-a52e-4f735466cecf":"00000000-0000-0464-ffff-ffff00000776","ELEMENT":"00000000-0000-0464-ffff-ffff00000776"}
&amp#27;[38;5;0m[HTTP]&amp#27;[0m &amp#27;[37m<-- POST /session/a84025fa-87fd-4432-a89c-6e57f823ae73/element &amp#27;[39m&amp#27;[32m200&amp#27;[39m &amp#27;[90m25 ms - 137&amp#27;[39m
&amp#27;[38;5;0m[HTTP]&amp#27;[0m &amp#27;[90m&amp#27;[39m
&amp#27;[38;5;0m[HTTP]&amp#27;[0m &amp#27;[37m-->&amp#27;[39m &amp#27;[37mGET&amp#27;[39m &amp#27;[37m/session/a84025fa-87fd-4432-a89c-6e57f823ae73/element/00000000-0000-0464-ffff-ffff00000776/displayed&amp#27;[39m
&amp#27;[38;5;0m[HTTP]&amp#27;[0m &amp#27;[90m{}&amp#27;[39m
&amp#27;[38;5;32m[AndroidUiautomator2Driver@cb04 (a84025fa)]&amp#27;[0m Calling AppiumDriver.elementDisplayed() with args: ["00000000-0000-0464-ffff-ffff00000776","a84025fa-87fd-4432-a89c-6e57f823ae73"]
&amp#27;[38;5;32m[AndroidUiautomator2Driver@cb04 (a84025fa)]&amp#27;[0m Matched '/element/00000000-0000-0464-ffff-ffff00000776/attribute/displayed' to command name 'getAttribute'
&amp#27;[38;5;32m[AndroidUiautomator2Driver@cb04 (a84025fa)]&amp#27;[0m Proxying [GET /element/00000000-0000-0464-ffff-ffff00000776/attribute/displayed] to [GET http://127.0.0.1:8209/session/e13e9c10-6759-487b-84e8-6054836a870e/element/00000000-0000-0464-ffff-ffff00000776/attribute/displayed] with no body
&amp#27;[38;5;32m[AndroidUiautomator2Driver@cb04 (a84025fa)]&amp#27;[0m Got response with status 200: {"sessionId":"e13e9c10-6759-487b-84e8-6054836a870e","value":"true"}
&amp#27;[38;5;32m[AndroidUiautomator2Driver@cb04 (a84025fa)]&amp#27;[0m Responding to client with driver.elementDisplayed() result: true
&amp#27;[38;5;0m[HTTP]&amp#27;[0m &amp#27;[37m<-- GET /session/a84025fa-87fd-4432-a89c-6e57f823ae73/element/00000000-0000-0464-ffff-ffff00000776/displayed &amp#27;[39m&amp#27;[32m200&amp#27;[39m &amp#27;[90m11 ms - 14&amp#27;[39m
&amp#27;[38;5;0m[HTTP]&amp#27;[0m &amp#27;[90m&amp#27;[39m
&amp#27;[38;5;0m[HTTP]&amp#27;[0m &amp#27;[37m-->&amp#27;[39m &amp#27;[37mGET&amp#27;[39m &amp#27;[37m/session/a84025fa-87fd-4432-a89c-6e57f823ae73/context&amp#27;[39m
&amp#27;[38;5;0m[HTTP]&amp#27;[0m &amp#27;[90m{}&amp#27;[39m
&amp#27;[38;5;32m[AndroidUiautomator2Driver@cb04 (a84025fa)]&amp#27;[0m Calling AppiumDriver.getCurrentContext() with args: ["a84025fa-87fd-4432-a89c-6e57f823ae73"]
&amp#27;[38;5;32m[AndroidUiautomator2Driver@cb04 (a84025fa)]&amp#27;[0m Responding to client with driver.getCurrentContext() result: "NATIVE_APP"
&amp#27;[38;5;0m[HTTP]&amp#27;[0m &amp#27;[37m<-- GET /session/a84025fa-87fd-4432-a89c-6e57f823ae73/context &amp#27;[39m&amp#27;[32m200&amp#27;[39m &amp#27;[90m1 ms - 22&amp#27;[39m
&amp#27;[38;5;0m[HTTP]&amp#27;[0m &amp#27;[90m&amp#27;[39m
&amp#27;[38;5;0m[HTTP]&amp#27;[0m &amp#27;[37m-->&amp#27;[39m &amp#27;[37mPOST&amp#27;[39m &amp#27;[37m/session/a84025fa-87fd-4432-a89c-6e57f823ae73/element&amp#27;[39m
&amp#27;[38;5;0m[HTTP]&amp#27;[0m &amp#27;[90m{"value":"Teams","using":"accessibility id"}&amp#27;[39m
&amp#27;[38;5;32m[AndroidUiautomator2Driver@cb04 (a84025fa)]&amp#27;[0m Calling AppiumDriver.findElement() with args: ["accessibility id","Teams","a84025fa-87fd-4432-a89c-6e57f823ae73"]
&amp#27;[38;5;32m[AndroidUiautomator2Driver@cb04 (a84025fa)]&amp#27;[0m Valid locator strategies for this request: xpath, id, class name, accessibility id, css selector, -android uiautomator
&amp#27;[38;5;32m[AndroidUiautomator2Driver@cb04 (a84025fa)]&amp#27;[0m Waiting up to 10000 ms for condition
&amp#27;[38;5;32m[AndroidUiautomator2Driver@cb04 (a84025fa)]&amp#27;[0m Matched '/element' to command name 'findElement'
&amp#27;[38;5;32m[AndroidUiautomator2Driver@cb04 (a84025fa)]&amp#27;[0m Proxying [POST /element] to [POST http://127.0.0.1:8209/session/e13e9c10-6759-487b-84e8-6054836a870e/element] with body: {"strategy":"accessibility id","selector":"Teams","context":"","multiple":false}
&amp#27;[38;5;32m[AndroidUiautomator2Driver@cb04 (a84025fa)]&amp#27;[0m Got response with status 200: {"sessionId":"e13e9c10-6759-487b-84e8-6054836a870e","value":{"ELEMENT":"00000000-0000-0464-ffff-ffff00000779","element-6066-11e4-a52e-4f735466cecf":"00000000-0000-0464-ffff-ffff00000779"}}
&amp#27;[38;5;32m[AndroidUiautomator2Driver@cb04 (a84025fa)]&amp#27;[0m Responding to client with driver.findElement() result: {"element-6066-11e4-a52e-4f735466cecf":"00000000-0000-0464-ffff-ffff00000779","ELEMENT":"00000000-0000-0464-ffff-ffff00000779"}
&amp#27;[38;5;0m[HTTP]&amp#27;[0m &amp#27;[37m<-- POST /session/a84025fa-87fd-4432-a89c-6e57f823ae73/element &amp#27;[39m&amp#27;[32m200&amp#27;[39m &amp#27;[90m22 ms - 137&amp#27;[39m
&amp#27;[38;5;0m[HTTP]&amp#27;[0m &amp#27;[90m&amp#27;[39m
&amp#27;[38;5;0m[HTTP]&amp#27;[0m &amp#27;[37m-->&amp#27;[39m &amp#27;[37mGET&amp#27;[39m &amp#27;[37m/session/a84025fa-87fd-4432-a89c-6e57f823ae73/element/00000000-0000-0464-ffff-ffff00000779/displayed&amp#27;[39m
&amp#27;[38;5;0m[HTTP]&amp#27;[0m &amp#27;[90m{}&amp#27;[39m
&amp#27;[38;5;32m[AndroidUiautomator2Driver@cb04 (a84025fa)]&amp#27;[0m Calling AppiumDriver.elementDisplayed() with args: ["00000000-0000-0464-ffff-ffff00000779","a84025fa-87fd-4432-a89c-6e57f823ae73"]
&amp#27;[38;5;32m[AndroidUiautomator2Driver@cb04 (a84025fa)]&amp#27;[0m Matched '/element/00000000-0000-0464-ffff-ffff00000779/attribute/displayed' to command name 'getAttribute'
&amp#27;[38;5;32m[AndroidUiautomator2Driver@cb04 (a84025fa)]&amp#27;[0m Proxying [GET /element/00000000-0000-0464-ffff-ffff00000779/attribute/displayed] to [GET http://127.0.0.1:8209/session/e13e9c10-6759-487b-84e8-6054836a870e/element/00000000-0000-0464-ffff-ffff00000779/attribute/displayed] with no body
&amp#27;[38;5;32m[AndroidUiautomator2Driver@cb04 (a84025fa)]&amp#27;[0m Got response with status 200: {"sessionId":"e13e9c10-6759-487b-84e8-6054836a870e","value":"true"}
&amp#27;[38;5;32m[AndroidUiautomator2Driver@cb04 (a84025fa)]&amp#27;[0m Responding to client with driver.elementDisplayed() result: true
&amp#27;[38;5;0m[HTTP]&amp#27;[0m &amp#27;[37m<-- GET /session/a84025fa-87fd-4432-a89c-6e57f823ae73/element/00000000-0000-0464-ffff-ffff00000779/displayed &amp#27;[39m&amp#27;[32m200&amp#27;[39m &amp#27;[90m10 ms - 14&amp#27;[39m
&amp#27;[38;5;0m[HTTP]&amp#27;[0m &amp#27;[90m&amp#27;[39m
&amp#27;[38;5;0m[HTTP]&amp#27;[0m &amp#27;[37m-->&amp#27;[39m &amp#27;[37mGET&amp#27;[39m &amp#27;[37m/session/a84025fa-87fd-4432-a89c-6e57f823ae73/context&amp#27;[39m
&amp#27;[38;5;0m[HTTP]&amp#27;[0m &amp#27;[90m{}&amp#27;[39m
&amp#27;[38;5;32m[AndroidUiautomator2Driver@cb04 (a84025fa)]&amp#27;[0m Calling AppiumDriver.getCurrentContext() with args: ["a84025fa-87fd-4432-a89c-6e57f823ae73"]
&amp#27;[38;5;32m[AndroidUiautomator2Driver@cb04 (a84025fa)]&amp#27;[0m Responding to client with driver.getCurrentContext() result: "NATIVE_APP"
&amp#27;[38;5;0m[HTTP]&amp#27;[0m &amp#27;[37m<-- GET /session/a84025fa-87fd-4432-a89c-6e57f823ae73/context &amp#27;[39m&amp#27;[32m200&amp#27;[39m &amp#27;[90m1 ms - 22&amp#27;[39m
&amp#27;[38;5;0m[HTTP]&amp#27;[0m &amp#27;[90m&amp#27;[39m
&amp#27;[38;5;0m[HTTP]&amp#27;[0m &amp#27;[37m-->&amp#27;[39m &amp#27;[37mPOST&amp#27;[39m &amp#27;[37m/session/a84025fa-87fd-4432-a89c-6e57f823ae73/element&amp#27;[39m
&amp#27;[38;5;0m[HTTP]&amp#27;[0m &amp#27;[90m{"value":"Players","using":"accessibility id"}&amp#27;[39m
&amp#27;[38;5;32m[AndroidUiautomator2Driver@cb04 (a84025fa)]&amp#27;[0m Calling AppiumDriver.findElement() with args: ["accessibility id","Players","a84025fa-87fd-4432-a89c-6e57f823ae73"]
&amp#27;[38;5;32m[AndroidUiautomator2Driver@cb04 (a84025fa)]&amp#27;[0m Valid locator strategies for this request: xpath, id, class name, accessibility id, css selector, -android uiautomator
&amp#27;[38;5;32m[AndroidUiautomator2Driver@cb04 (a84025fa)]&amp#27;[0m Waiting up to 10000 ms for condition
&amp#27;[38;5;32m[AndroidUiautomator2Driver@cb04 (a84025fa)]&amp#27;[0m Matched '/element' to command name 'findElement'
&amp#27;[38;5;32m[AndroidUiautomator2Driver@cb04 (a84025fa)]&amp#27;[0m Proxying [POST /element] to [POST http://127.0.0.1:8209/session/e13e9c10-6759-487b-84e8-6054836a870e/element] with body: {"strategy":"accessibility id","selector":"Players","context":"","multiple":false}
&amp#27;[38;5;32m[AndroidUiautomator2Driver@cb04 (a84025fa)]&amp#27;[0m Got response with status 200: {"sessionId":"e13e9c10-6759-487b-84e8-6054836a870e","value":{"ELEMENT":"00000000-0000-0464-ffff-ffff0000077c","element-6066-11e4-a52e-4f735466cecf":"00000000-0000-0464-ffff-ffff0000077c"}}
&amp#27;[38;5;32m[AndroidUiautomator2Driver@cb04 (a84025fa)]&amp#27;[0m Responding to client with driver.findElement() result: {"element-6066-11e4-a52e-4f735466cecf":"00000000-0000-0464-ffff-ffff0000077c","ELEMENT":"00000000-0000-0464-ffff-ffff0000077c"}
&amp#27;[38;5;0m[HTTP]&amp#27;[0m &amp#27;[37m<-- POST /session/a84025fa-87fd-4432-a89c-6e57f823ae73/element &amp#27;[39m&amp#27;[32m200&amp#27;[39m &amp#27;[90m24 ms - 137&amp#27;[39m
&amp#27;[38;5;0m[HTTP]&amp#27;[0m &amp#27;[90m&amp#27;[39m
&amp#27;[38;5;0m[HTTP]&amp#27;[0m &amp#27;[37m-->&amp#27;[39m &amp#27;[37mGET&amp#27;[39m &amp#27;[37m/session/a84025fa-87fd-4432-a89c-6e57f823ae73/element/00000000-0000-0464-ffff-ffff0000077c/displayed&amp#27;[39m
&amp#27;[38;5;0m[HTTP]&amp#27;[0m &amp#27;[90m{}&amp#27;[39m
&amp#27;[38;5;32m[AndroidUiautomator2Driver@cb04 (a84025fa)]&amp#27;[0m Calling AppiumDriver.elementDisplayed() with args: ["00000000-0000-0464-ffff-ffff0000077c","a84025fa-87fd-4432-a89c-6e57f823ae73"]
&amp#27;[38;5;32m[AndroidUiautomator2Driver@cb04 (a84025fa)]&amp#27;[0m Matched '/element/00000000-0000-0464-ffff-ffff0000077c/attribute/displayed' to command name 'getAttribute'
&amp#27;[38;5;32m[AndroidUiautomator2Driver@cb04 (a84025fa)]&amp#27;[0m Proxying [GET /element/00000000-0000-0464-ffff-ffff0000077c/attribute/displayed] to [GET http://127.0.0.1:8209/session/e13e9c10-6759-487b-84e8-6054836a870e/element/00000000-0000-0464-ffff-ffff0000077c/attribute/displayed] with no body
&amp#27;[38;5;32m[AndroidUiautomator2Driver@cb04 (a84025fa)]&amp#27;[0m Got response with status 200: {"sessionId":"e13e9c10-6759-487b-84e8-6054836a870e","value":"true"}
&amp#27;[38;5;32m[AndroidUiautomator2Driver@cb04 (a84025fa)]&amp#27;[0m Responding to client with driver.elementDisplayed() result: true
&amp#27;[38;5;0m[HTTP]&amp#27;[0m &amp#27;[37m<-- GET /session/a84025fa-87fd-4432-a89c-6e57f823ae73/element/00000000-0000-0464-ffff-ffff0000077c/displayed &amp#27;[39m&amp#27;[32m200&amp#27;[39m &amp#27;[90m11 ms - 14&amp#27;[39m
&amp#27;[38;5;0m[HTTP]&amp#27;[0m &amp#27;[90m&amp#27;[39m
&amp#27;[38;5;0m[HTTP]&amp#27;[0m &amp#27;[37m-->&amp#27;[39m &amp#27;[37mGET&amp#27;[39m &amp#27;[37m/session/a84025fa-87fd-4432-a89c-6e57f823ae73/context&amp#27;[39m
&amp#27;[38;5;0m[HTTP]&amp#27;[0m &amp#27;[90m{}&amp#27;[39m
&amp#27;[38;5;32m[AndroidUiautomator2Driver@cb04 (a84025fa)]&amp#27;[0m Calling AppiumDriver.getCurrentContext() with args: ["a84025fa-87fd-4432-a89c-6e57f823ae73"]
&amp#27;[38;5;32m[AndroidUiautomator2Driver@cb04 (a84025fa)]&amp#27;[0m Responding to client with driver.getCurrentContext() result: "NATIVE_APP"
&amp#27;[38;5;0m[HTTP]&amp#27;[0m &amp#27;[37m<-- GET /session/a84025fa-87fd-4432-a89c-6e57f823ae73/context &amp#27;[39m&amp#27;[32m200&amp#27;[39m &amp#27;[90m1 ms - 22&amp#27;[39m
&amp#27;[38;5;0m[HTTP]&amp#27;[0m &amp#27;[90m&amp#27;[39m
&amp#27;[38;5;0m[HTTP]&amp#27;[0m &amp#27;[37m-->&amp#27;[39m &amp#27;[37mPOST&amp#27;[39m &amp#27;[37m/session/a84025fa-87fd-4432-a89c-6e57f823ae73/element&amp#27;[39m
&amp#27;[38;5;0m[HTTP]&amp#27;[0m &amp#27;[90m{"value":"News","using":"accessibility id"}&amp#27;[39m
&amp#27;[38;5;32m[AndroidUiautomator2Driver@cb04 (a84025fa)]&amp#27;[0m Calling AppiumDriver.findElement() with args: ["accessibility id","News","a84025fa-87fd-4432-a89c-6e57f823ae73"]
&amp#27;[38;5;32m[AndroidUiautomator2Driver@cb04 (a84025fa)]&amp#27;[0m Valid locator strategies for this request: xpath, id, class name, accessibility id, css selector, -android uiautomator
&amp#27;[38;5;32m[AndroidUiautomator2Driver@cb04 (a84025fa)]&amp#27;[0m Waiting up to 10000 ms for condition
&amp#27;[38;5;32m[AndroidUiautomator2Driver@cb04 (a84025fa)]&amp#27;[0m Matched '/element' to command name 'findElement'
&amp#27;[38;5;32m[AndroidUiautomator2Driver@cb04 (a84025fa)]&amp#27;[0m Proxying [POST /element] to [POST http://127.0.0.1:8209/session/e13e9c10-6759-487b-84e8-6054836a870e/element] with body: {"strategy":"accessibility id","selector":"News","context":"","multiple":false}
&amp#27;[38;5;32m[AndroidUiautomator2Driver@cb04 (a84025fa)]&amp#27;[0m Got response with status 200: {"sessionId":"e13e9c10-6759-487b-84e8-6054836a870e","value":{"ELEMENT":"00000000-0000-0464-ffff-ffff0000077f","element-6066-11e4-a52e-4f735466cecf":"00000000-0000-0464-ffff-ffff0000077f"}}
&amp#27;[38;5;32m[AndroidUiautomator2Driver@cb04 (a84025fa)]&amp#27;[0m Responding to client with driver.findElement() result: {"element-6066-11e4-a52e-4f735466cecf":"00000000-0000-0464-ffff-ffff0000077f","ELEMENT":"00000000-0000-0464-ffff-ffff0000077f"}
&amp#27;[38;5;0m[HTTP]&amp#27;[0m &amp#27;[37m<-- POST /session/a84025fa-87fd-4432-a89c-6e57f823ae73/element &amp#27;[39m&amp#27;[32m200&amp#27;[39m &amp#27;[90m22 ms - 137&amp#27;[39m
&amp#27;[38;5;0m[HTTP]&amp#27;[0m &amp#27;[90m&amp#27;[39m
&amp#27;[38;5;0m[HTTP]&amp#27;[0m &amp#27;[37m-->&amp#27;[39m &amp#27;[37mGET&amp#27;[39m &amp#27;[37m/session/a84025fa-87fd-4432-a89c-6e57f823ae73/element/00000000-0000-0464-ffff-ffff0000077f/displayed&amp#27;[39m
&amp#27;[38;5;0m[HTTP]&amp#27;[0m &amp#27;[90m{}&amp#27;[39m
&amp#27;[38;5;32m[AndroidUiautomator2Driver@cb04 (a84025fa)]&amp#27;[0m Calling AppiumDriver.elementDisplayed() with args: ["00000000-0000-0464-ffff-ffff0000077f","a84025fa-87fd-4432-a89c-6e57f823ae73"]
&amp#27;[38;5;32m[AndroidUiautomator2Driver@cb04 (a84025fa)]&amp#27;[0m Matched '/element/00000000-0000-0464-ffff-ffff0000077f/attribute/displayed' to command name 'getAttribute'
&amp#27;[38;5;32m[AndroidUiautomator2Driver@cb04 (a84025fa)]&amp#27;[0m Proxying [GET /element/00000000-0000-0464-ffff-ffff0000077f/attribute/displayed] to [GET http://127.0.0.1:8209/session/e13e9c10-6759-487b-84e8-6054836a870e/element/00000000-0000-0464-ffff-ffff0000077f/attribute/displayed] with no body
&amp#27;[38;5;32m[AndroidUiautomator2Driver@cb04 (a84025fa)]&amp#27;[0m Got response with status 200: {"sessionId":"e13e9c10-6759-487b-84e8-6054836a870e","value":"true"}
&amp#27;[38;5;32m[AndroidUiautomator2Driver@cb04 (a84025fa)]&amp#27;[0m Responding to client with driver.elementDisplayed() result: true
&amp#27;[38;5;0m[HTTP]&amp#27;[0m &amp#27;[37m<-- GET /session/a84025fa-87fd-4432-a89c-6e57f823ae73/element/00000000-0000-0464-ffff-ffff0000077f/displayed &amp#27;[39m&amp#27;[32m200&amp#27;[39m &amp#27;[90m11 ms - 14&amp#27;[39m
&amp#27;[38;5;0m[HTTP]&amp#27;[0m &amp#27;[90m&amp#27;[39m
]]></system-out>
    <system-err><![CDATA[SLF4J(W): No SLF4J providers were found.
SLF4J(W): Defaulting to no-operation (NOP) logger implementation
SLF4J(W): See https://www.slf4j.org/codes.html#noProviders for further details.
]]></system-err>
  </testcase>
</testsuite>