<?xml version="1.0" encoding="UTF-8"?>
<testng-results ignored="0" total="1" passed="1" failed="0" skipped="0">
  <reporter-output>
  </reporter-output>
  <suite started-at="2024-05-06T11:57:48 PDT" name="Suite" finished-at="2024-05-06T11:59:11 PDT" duration-ms="83823">
    <groups>
    </groups>
    <test started-at="2024-05-06T11:57:48 PDT" name="AndroidDemo" finished-at="2024-05-06T11:59:11 PDT" duration-ms="83823">
      <class name="theScore.Stats">
        <test-method is-config="true" signature="ConfigureAppium()[pri:0, instance:theScore.Stats@2fb3536e]" started-at="2024-05-06T11:57:48 PDT" name="ConfigureAppium" finished-at="2024-05-06T11:58:10 PDT" duration-ms="22013" status="PASS">
          <reporter-output>
          </reporter-output>
        </test-method> <!-- ConfigureAppium -->
        <test-method signature="testTeamStats(java.lang.String,java.lang.String)[pri:0, instance:theScore.Stats@2fb3536e]" started-at="2024-05-06T11:58:10 PDT" name="testTeamStats" data-provider="getData" finished-at="2024-05-06T11:59:06 PDT" duration-ms="56507" status="PASS">
          <params>
            <param index="0">
              <value>
                <![CDATA[49ers]]>
              </value>
            </param>
            <param index="1">
              <value>
                <![CDATA[San Francisco 49ers]]>
              </value>
            </param>
          </params>
          <reporter-output>
          </reporter-output>
        </test-method> <!-- testTeamStats -->
        <test-method is-config="true" signature="tearDown()[pri:0, instance:theScore.Stats@2fb3536e]" started-at="2024-05-06T11:59:06 PDT" name="tearDown" finished-at="2024-05-06T11:59:11 PDT" duration-ms="5268" status="PASS">
          <reporter-output>
          </reporter-output>
        </test-method> <!-- tearDown -->
      </class> <!-- theScore.Stats -->
    </test> <!-- AndroidDemo -->
  </suite> <!-- Suite -->
</testng-results>
